[ 2017-02-18T10:31:57+08:00 ] ::1 /ComicWeb/
INFO: [ app_init ] --START--
INFO: Run Behavior\BuildLiteBehavior [ RunTime:0.000572s ]
INFO: [ app_init ] --END-- [ RunTime:0.004896s ]
INFO: [ app_begin ] --START--
INFO: Run Behavior\ReadHtmlCacheBehavior [ RunTime:0.004133s ]
INFO: [ app_begin ] --END-- [ RunTime:0.010135s ]
SQL: SHOW COLUMNS FROM `cartoon` [ RunTime:0.1348s ]
SQL: SELECT * FROM `cartoon` ORDER BY id desc  [ RunTime:0.0020s ]
INFO: [ view_parse ] --START--
INFO: [ template_filter ] --START--
INFO: Run Behavior\ContentReplaceBehavior [ RunTime:0.001496s ]
INFO: [ template_filter ] --END-- [ RunTime:0.005584s ]
INFO: Run Behavior\ParseTemplateBehavior [ RunTime:0.104209s ]
INFO: [ view_parse ] --END-- [ RunTime:0.107551s ]
INFO: [ view_filter ] --START--
INFO: Run Behavior\WriteHtmlCacheBehavior [ RunTime:0.002236s ]
INFO: [ view_filter ] --END-- [ RunTime:0.008857s ]
INFO: [ app_end ] --START--
INFO: Run Behavior\ShowPageTraceBehavior [ RunTime:0.002454s ]
INFO: [ app_end ] --END-- [ RunTime:0.005421s ]

[ 2017-02-18T10:31:57+08:00 ] ::1 /ComicWeb/
INFO: [ app_init ] --START--
INFO: Run Behavior\BuildLiteBehavior [ RunTime:0.000556s ]
INFO: [ app_init ] --END-- [ RunTime:0.005356s ]
INFO: [ app_begin ] --START--
INFO: Run Behavior\ReadHtmlCacheBehavior [ RunTime:0.003162s ]
INFO: [ app_begin ] --END-- [ RunTime:0.008121s ]
SQL: SHOW COLUMNS FROM `cartoon` [ RunTime:0.1234s ]
SQL: SELECT * FROM `cartoon` ORDER BY id desc  [ RunTime:0.0013s ]
INFO: [ view_parse ] --START--
INFO: [ template_filter ] --START--
INFO: Run Behavior\ContentReplaceBehavior [ RunTime:0.001373s ]
INFO: [ template_filter ] --END-- [ RunTime:0.004482s ]
INFO: Run Behavior\ParseTemplateBehavior [ RunTime:0.121022s ]
INFO: [ view_parse ] --END-- [ RunTime:0.124775s ]
INFO: [ view_filter ] --START--
INFO: Run Behavior\WriteHtmlCacheBehavior [ RunTime:0.002240s ]
INFO: [ view_filter ] --END-- [ RunTime:0.005290s ]
INFO: [ app_end ] --START--
INFO: Run Behavior\ShowPageTraceBehavior [ RunTime:0.002317s ]
INFO: [ app_end ] --END-- [ RunTime:0.005300s ]

[ 2017-02-18T10:31:57+08:00 ] ::1 /ComicWeb/
INFO: [ app_init ] --START--
INFO: Run Behavior\BuildLiteBehavior [ RunTime:0.000765s ]
INFO: [ app_init ] --END-- [ RunTime:0.004732s ]
INFO: [ app_begin ] --START--
INFO: Run Behavior\ReadHtmlCacheBehavior [ RunTime:0.002739s ]
INFO: [ app_begin ] --END-- [ RunTime:0.005826s ]
SQL: SHOW COLUMNS FROM `cartoon` [ RunTime:0.1221s ]
SQL: SELECT * FROM `cartoon` ORDER BY id desc  [ RunTime:0.0013s ]
INFO: [ view_parse ] --START--
INFO: [ template_filter ] --START--
INFO: Run Behavior\ContentReplaceBehavior [ RunTime:0.001368s ]
INFO: [ template_filter ] --END-- [ RunTime:0.007510s ]
INFO: Run Behavior\ParseTemplateBehavior [ RunTime:0.107500s ]
INFO: [ view_parse ] --END-- [ RunTime:0.111679s ]
INFO: [ view_filter ] --START--
INFO: Run Behavior\WriteHtmlCacheBehavior [ RunTime:0.002231s ]
INFO: [ view_filter ] --END-- [ RunTime:0.013709s ]
INFO: [ app_end ] --START--
INFO: Run Behavior\ShowPageTraceBehavior [ RunTime:0.002874s ]
INFO: [ app_end ] --END-- [ RunTime:0.006445s ]

