[ 2017-02-09T12:01:23+08:00 ] ::1 /ComicWeb/index.php/Home/index/index
INFO: [ app_init ] --START--
INFO: Run Behavior\BuildLiteBehavior [ RunTime:0.000419s ]
INFO: [ app_init ] --END-- [ RunTime:0.003467s ]
INFO: [ app_begin ] --START--
INFO: Run Behavior\ReadHtmlCacheBehavior [ RunTime:0.001997s ]
INFO: [ app_begin ] --END-- [ RunTime:0.004061s ]
NOTIC: [2] session_start(): open(\xampp\tmp\sess_0hptnvnj936sr993holhnk6un1, O_RDWR) failed: No such file or directory (2) H:\phpEclipseWork\ComicWeb\ThinkPHP\Common\functions.php 第 1263 行.
INFO: [ view_parse ] --START--
INFO: [ template_filter ] --START--
INFO: Run Behavior\ContentReplaceBehavior [ RunTime:0.000845s ]
INFO: [ template_filter ] --END-- [ RunTime:0.002824s ]
INFO: Run Behavior\ParseTemplateBehavior [ RunTime:0.030122s ]
INFO: [ view_parse ] --END-- [ RunTime:0.032212s ]
INFO: [ view_filter ] --START--
INFO: Run Behavior\WriteHtmlCacheBehavior [ RunTime:0.001904s ]
INFO: [ view_filter ] --END-- [ RunTime:0.003960s ]
INFO: [ app_end ] --START--
INFO: Run Behavior\ShowPageTraceBehavior [ RunTime:0.001919s ]
INFO: [ app_end ] --END-- [ RunTime:0.003734s ]

[ 2017-02-09T20:15:13+08:00 ] ::1 /ComicWeb/index.php
INFO: [ app_init ] --START--
INFO: Run Behavior\BuildLiteBehavior [ RunTime:0.000572s ]
INFO: [ app_init ] --END-- [ RunTime:0.004311s ]
INFO: [ app_begin ] --START--
INFO: Run Behavior\ReadHtmlCacheBehavior [ RunTime:0.001940s ]
INFO: [ app_begin ] --END-- [ RunTime:0.004328s ]
NOTIC: [2] session_start(): open(\xampp\tmp\sess_0hptnvnj936sr993holhnk6un1, O_RDWR) failed: No such file or directory (2) H:\phpEclipseWork\ComicWeb\ThinkPHP\Common\functions.php 第 1263 行.
INFO: [ view_parse ] --START--
INFO: [ template_filter ] --START--
INFO: Run Behavior\ContentReplaceBehavior [ RunTime:0.000908s ]
INFO: [ template_filter ] --END-- [ RunTime:0.003052s ]
INFO: Run Behavior\ParseTemplateBehavior [ RunTime:0.030996s ]
INFO: [ view_parse ] --END-- [ RunTime:0.032919s ]
INFO: [ view_filter ] --START--
INFO: Run Behavior\WriteHtmlCacheBehavior [ RunTime:0.002130s ]
INFO: [ view_filter ] --END-- [ RunTime:0.004144s ]
INFO: [ app_end ] --START--
INFO: Run Behavior\ShowPageTraceBehavior [ RunTime:0.002844s ]
INFO: [ app_end ] --END-- [ RunTime:0.005112s ]

