[ 2017-02-11T10:56:41+08:00 ] ::1 /ComicWeb/index.php/Home/index/index
INFO: [ app_init ] --START--
INFO: Run Behavior\BuildLiteBehavior [ RunTime:0.000347s ]
INFO: [ app_init ] --END-- [ RunTime:0.003116s ]
INFO: [ app_begin ] --START--
INFO: Run Behavior\ReadHtmlCacheBehavior [ RunTime:0.001966s ]
INFO: [ app_begin ] --END-- [ RunTime:0.004183s ]
NOTIC: [2] session_start(): open(\xampp\tmp\sess_0hptnvnj936sr993holhnk6un1, O_RDWR) failed: No such file or directory (2) H:\phpEclipseWork\ComicWeb\ThinkPHP\Common\functions.php 第 1263 行.
INFO: [ view_parse ] --START--
INFO: [ template_filter ] --START--
INFO: Run Behavior\ContentReplaceBehavior [ RunTime:0.000808s ]
INFO: [ template_filter ] --END-- [ RunTime:0.002738s ]
INFO: Run Behavior\ParseTemplateBehavior [ RunTime:0.031393s ]
INFO: [ view_parse ] --END-- [ RunTime:0.033497s ]
INFO: [ view_filter ] --START--
INFO: Run Behavior\WriteHtmlCacheBehavior [ RunTime:0.001665s ]
INFO: [ view_filter ] --END-- [ RunTime:0.003556s ]
INFO: [ app_end ] --START--
INFO: Run Behavior\ShowPageTraceBehavior [ RunTime:0.002247s ]
INFO: [ app_end ] --END-- [ RunTime:0.004160s ]

[ 2017-02-11T14:41:53+08:00 ] ::1 /ComicWeb/index.php
INFO: [ app_init ] --START--
INFO: Run Behavior\BuildLiteBehavior [ RunTime:0.000356s ]
INFO: [ app_init ] --END-- [ RunTime:0.003158s ]
INFO: [ app_begin ] --START--
INFO: Run Behavior\ReadHtmlCacheBehavior [ RunTime:0.001891s ]
INFO: [ app_begin ] --END-- [ RunTime:0.003802s ]
NOTIC: [2] session_start(): open(\xampp\tmp\sess_9r22djkli517flspv95lgofme5, O_RDWR) failed: No such file or directory (2) H:\phpEclipseWork\ComicWeb\ThinkPHP\Common\functions.php 第 1263 行.
INFO: [ view_parse ] --START--
INFO: [ template_filter ] --START--
INFO: Run Behavior\ContentReplaceBehavior [ RunTime:0.000921s ]
INFO: [ template_filter ] --END-- [ RunTime:0.003120s ]
INFO: Run Behavior\ParseTemplateBehavior [ RunTime:0.031487s ]
INFO: [ view_parse ] --END-- [ RunTime:0.033396s ]
INFO: [ view_filter ] --START--
INFO: Run Behavior\WriteHtmlCacheBehavior [ RunTime:0.001569s ]
INFO: [ view_filter ] --END-- [ RunTime:0.003422s ]
INFO: [ app_end ] --START--
INFO: Run Behavior\ShowPageTraceBehavior [ RunTime:0.002512s ]
INFO: [ app_end ] --END-- [ RunTime:0.004477s ]

