[ 2017-02-06T22:40:53+08:00 ] ::1 /WebTest/index.php
INFO: [ app_init ] --START--
INFO: Run Behavior\BuildLiteBehavior [ RunTime:0.000396s ]
INFO: [ app_init ] --END-- [ RunTime:0.002455s ]
INFO: [ app_begin ] --START--
INFO: Run Behavior\ReadHtmlCacheBehavior [ RunTime:0.001940s ]
INFO: [ app_begin ] --END-- [ RunTime:0.004190s ]
NOTIC: [2] session_start(): open(\xampp\tmp\sess_0hptnvnj936sr993holhnk6un1, O_RDWR) failed: No such file or directory (2) H:\phpEclipseWork\webTest\ThinkPHP\Common\functions.php 第 1263 行.
INFO: [ view_parse ] --START--
INFO: [ template_filter ] --START--
INFO: Run Behavior\ContentReplaceBehavior [ RunTime:0.001247s ]
INFO: [ template_filter ] --END-- [ RunTime:0.003375s ]
INFO: Run Behavior\ParseTemplateBehavior [ RunTime:0.029278s ]
INFO: [ view_parse ] --END-- [ RunTime:0.031690s ]
INFO: [ view_filter ] --START--
INFO: Run Behavior\WriteHtmlCacheBehavior [ RunTime:0.001383s ]
INFO: [ view_filter ] --END-- [ RunTime:0.003255s ]
INFO: [ app_end ] --START--
INFO: Run Behavior\ShowPageTraceBehavior [ RunTime:0.001827s ]
INFO: [ app_end ] --END-- [ RunTime:0.004054s ]

[ 2017-02-06T23:08:40+08:00 ] ::1 /WebTest/index.php
INFO: [ app_init ] --START--
INFO: Run Behavior\BuildLiteBehavior [ RunTime:0.000359s ]
INFO: [ app_init ] --END-- [ RunTime:0.003269s ]
INFO: [ app_begin ] --START--
INFO: Run Behavior\ReadHtmlCacheBehavior [ RunTime:0.002127s ]
INFO: [ app_begin ] --END-- [ RunTime:0.004279s ]
NOTIC: [2] session_start(): open(\xampp\tmp\sess_0hptnvnj936sr993holhnk6un1, O_RDWR) failed: No such file or directory (2) H:\phpEclipseWork\webTest\ThinkPHP\Common\functions.php 第 1263 行.
ERR: 模板不存在:./Home/Home/View/Index/index.html

[ 2017-02-06T23:08:57+08:00 ] ::1 /WebTest/index.php
INFO: [ app_init ] --START--
INFO: Run Behavior\BuildLiteBehavior [ RunTime:0.000386s ]
INFO: [ app_init ] --END-- [ RunTime:0.003527s ]
INFO: [ app_begin ] --START--
INFO: Run Behavior\ReadHtmlCacheBehavior [ RunTime:0.001847s ]
INFO: [ app_begin ] --END-- [ RunTime:0.004461s ]
NOTIC: [2] session_start(): open(\xampp\tmp\sess_0hptnvnj936sr993holhnk6un1, O_RDWR) failed: No such file or directory (2) H:\phpEclipseWork\webTest\ThinkPHP\Common\functions.php 第 1263 行.
ERR: 模板不存在:./Home/Home/View/Index/index.html

[ 2017-02-06T23:18:55+08:00 ] ::1 /WebTest/index.php
INFO: [ app_init ] --START--
INFO: Run Behavior\BuildLiteBehavior [ RunTime:0.000339s ]
INFO: [ app_init ] --END-- [ RunTime:0.003135s ]
INFO: [ app_begin ] --START--
INFO: Run Behavior\ReadHtmlCacheBehavior [ RunTime:0.002040s ]
INFO: [ app_begin ] --END-- [ RunTime:0.004076s ]
NOTIC: [2] session_start(): open(\xampp\tmp\sess_0hptnvnj936sr993holhnk6un1, O_RDWR) failed: No such file or directory (2) H:\phpEclipseWork\webTest\ThinkPHP\Common\functions.php 第 1263 行.
ERR: 模板不存在:./Home/Home/View/Index/index.html

