[ 2017-02-12T10:52:08+08:00 ] ::1 /ComicWeb/index.php
INFO: [ app_init ] --START--
INFO: Run Behavior\BuildLiteBehavior [ RunTime:0.000355s ]
INFO: [ app_init ] --END-- [ RunTime:0.003400s ]
INFO: [ app_begin ] --START--
INFO: Run Behavior\ReadHtmlCacheBehavior [ RunTime:0.002312s ]
INFO: [ app_begin ] --END-- [ RunTime:0.004283s ]
NOTIC: [2] session_start(): open(\xampp\tmp\sess_9r22djkli517flspv95lgofme5, O_RDWR) failed: No such file or directory (2) H:\phpEclipseWork\ComicWeb\ThinkPHP\Common\functions.php 第 1263 行.
SQL: SHOW COLUMNS FROM `cartoon` [ RunTime:0.0430s ]
SQL: SELECT * FROM `cartoon` ORDER BY id desc  [ RunTime:0.0008s ]
INFO: [ view_parse ] --START--
INFO: [ template_filter ] --START--
INFO: Run Behavior\ContentReplaceBehavior [ RunTime:0.000915s ]
INFO: [ template_filter ] --END-- [ RunTime:0.003141s ]
NOTIC: [8] A non well formed numeric value encountered H:\phpEclipseWork\ComicWeb\Home\Runtime\Cache\Home\76fa5d91061b37f679ea44f50ab94989.php 第 102 行.
NOTIC: [8] A non well formed numeric value encountered H:\phpEclipseWork\ComicWeb\Home\Runtime\Cache\Home\76fa5d91061b37f679ea44f50ab94989.php 第 102 行.
NOTIC: [8] A non well formed numeric value encountered H:\phpEclipseWork\ComicWeb\Home\Runtime\Cache\Home\76fa5d91061b37f679ea44f50ab94989.php 第 102 行.
NOTIC: [8] A non well formed numeric value encountered H:\phpEclipseWork\ComicWeb\Home\Runtime\Cache\Home\76fa5d91061b37f679ea44f50ab94989.php 第 102 行.
NOTIC: [8] A non well formed numeric value encountered H:\phpEclipseWork\ComicWeb\Home\Runtime\Cache\Home\76fa5d91061b37f679ea44f50ab94989.php 第 102 行.
NOTIC: [8] A non well formed numeric value encountered H:\phpEclipseWork\ComicWeb\Home\Runtime\Cache\Home\76fa5d91061b37f679ea44f50ab94989.php 第 102 行.
NOTIC: [8] A non well formed numeric value encountered H:\phpEclipseWork\ComicWeb\Home\Runtime\Cache\Home\76fa5d91061b37f679ea44f50ab94989.php 第 102 行.
NOTIC: [8] A non well formed numeric value encountered H:\phpEclipseWork\ComicWeb\Home\Runtime\Cache\Home\76fa5d91061b37f679ea44f50ab94989.php 第 102 行.
NOTIC: [8] A non well formed numeric value encountered H:\phpEclipseWork\ComicWeb\Home\Runtime\Cache\Home\76fa5d91061b37f679ea44f50ab94989.php 第 102 行.
NOTIC: [8] A non well formed numeric value encountered H:\phpEclipseWork\ComicWeb\Home\Runtime\Cache\Home\76fa5d91061b37f679ea44f50ab94989.php 第 102 行.
NOTIC: [8] A non well formed numeric value encountered H:\phpEclipseWork\ComicWeb\Home\Runtime\Cache\Home\76fa5d91061b37f679ea44f50ab94989.php 第 102 行.
NOTIC: [8] A non well formed numeric value encountered H:\phpEclipseWork\ComicWeb\Home\Runtime\Cache\Home\76fa5d91061b37f679ea44f50ab94989.php 第 102 行.
NOTIC: [8] A non well formed numeric value encountered H:\phpEclipseWork\ComicWeb\Home\Runtime\Cache\Home\76fa5d91061b37f679ea44f50ab94989.php 第 102 行.
INFO: Run Behavior\ParseTemplateBehavior [ RunTime:0.104200s ]
INFO: [ view_parse ] --END-- [ RunTime:0.106823s ]
INFO: [ view_filter ] --START--
INFO: Run Behavior\WriteHtmlCacheBehavior [ RunTime:0.001811s ]
INFO: [ view_filter ] --END-- [ RunTime:0.003680s ]
INFO: [ app_end ] --START--
INFO: Run Behavior\ShowPageTraceBehavior [ RunTime:0.003410s ]
INFO: [ app_end ] --END-- [ RunTime:0.007956s ]

[ 2017-02-12T10:53:36+08:00 ] ::1 /ComicWeb/index.php
INFO: [ app_init ] --START--
INFO: Run Behavior\BuildLiteBehavior [ RunTime:0.000341s ]
INFO: [ app_init ] --END-- [ RunTime:0.003075s ]
INFO: [ app_begin ] --START--
INFO: Run Behavior\ReadHtmlCacheBehavior [ RunTime:0.003296s ]
INFO: [ app_begin ] --END-- [ RunTime:0.006838s ]
NOTIC: [2] session_start(): open(\xampp\tmp\sess_9r22djkli517flspv95lgofme5, O_RDWR) failed: No such file or directory (2) H:\phpEclipseWork\ComicWeb\ThinkPHP\Common\functions.php 第 1263 行.
SQL: SHOW COLUMNS FROM `cartoon` [ RunTime:0.0046s ]
SQL: SELECT * FROM `cartoon` ORDER BY id desc  [ RunTime:0.0008s ]
INFO: [ view_parse ] --START--
INFO: [ template_filter ] --START--
INFO: Run Behavior\ContentReplaceBehavior [ RunTime:0.000808s ]
INFO: [ template_filter ] --END-- [ RunTime:0.002722s ]
INFO: Run Behavior\ParseTemplateBehavior [ RunTime:0.049314s ]
INFO: [ view_parse ] --END-- [ RunTime:0.051791s ]
INFO: [ view_filter ] --START--
INFO: Run Behavior\WriteHtmlCacheBehavior [ RunTime:0.001770s ]
INFO: [ view_filter ] --END-- [ RunTime:0.003624s ]
INFO: [ app_end ] --START--
INFO: Run Behavior\ShowPageTraceBehavior [ RunTime:0.003666s ]
INFO: [ app_end ] --END-- [ RunTime:0.006262s ]

[ 2017-02-12T10:56:43+08:00 ] ::1 /ComicWeb/index.php
INFO: [ app_init ] --START--
INFO: Run Behavior\BuildLiteBehavior [ RunTime:0.000674s ]
INFO: [ app_init ] --END-- [ RunTime:0.006159s ]
INFO: [ app_begin ] --START--
INFO: Run Behavior\ReadHtmlCacheBehavior [ RunTime:0.003047s ]
INFO: [ app_begin ] --END-- [ RunTime:0.005319s ]
NOTIC: [2] session_start(): open(\xampp\tmp\sess_9r22djkli517flspv95lgofme5, O_RDWR) failed: No such file or directory (2) H:\phpEclipseWork\ComicWeb\ThinkPHP\Common\functions.php 第 1263 行.
SQL: SHOW COLUMNS FROM `cartoon` [ RunTime:0.1715s ]
SQL: SELECT * FROM `cartoon` ORDER BY id desc  [ RunTime:0.0018s ]
INFO: [ view_parse ] --START--
INFO: [ template_filter ] --START--
INFO: Run Behavior\ContentReplaceBehavior [ RunTime:0.000912s ]
INFO: [ template_filter ] --END-- [ RunTime:0.003204s ]
INFO: Run Behavior\ParseTemplateBehavior [ RunTime:0.064748s ]
INFO: [ view_parse ] --END-- [ RunTime:0.067680s ]
INFO: [ view_filter ] --START--
INFO: Run Behavior\WriteHtmlCacheBehavior [ RunTime:0.001771s ]
INFO: [ view_filter ] --END-- [ RunTime:0.003658s ]
INFO: [ app_end ] --START--
INFO: Run Behavior\ShowPageTraceBehavior [ RunTime:0.002899s ]
INFO: [ app_end ] --END-- [ RunTime:0.006675s ]

[ 2017-02-12T11:13:58+08:00 ] ::1 /ComicWeb/index.php
INFO: [ app_init ] --START--
INFO: Run Behavior\BuildLiteBehavior [ RunTime:0.000580s ]
INFO: [ app_init ] --END-- [ RunTime:0.004484s ]
INFO: [ app_begin ] --START--
INFO: Run Behavior\ReadHtmlCacheBehavior [ RunTime:0.002174s ]
INFO: [ app_begin ] --END-- [ RunTime:0.004547s ]
NOTIC: [2] session_start(): open(\xampp\tmp\sess_9r22djkli517flspv95lgofme5, O_RDWR) failed: No such file or directory (2) H:\phpEclipseWork\ComicWeb\ThinkPHP\Common\functions.php 第 1263 行.
SQL: SHOW COLUMNS FROM `cartoon` [ RunTime:0.1694s ]
SQL: SELECT * FROM `cartoon` ORDER BY id desc  [ RunTime:0.0008s ]
INFO: [ view_parse ] --START--
INFO: [ template_filter ] --START--
INFO: Run Behavior\ContentReplaceBehavior [ RunTime:0.000890s ]
INFO: [ template_filter ] --END-- [ RunTime:0.002678s ]
INFO: Run Behavior\ParseTemplateBehavior [ RunTime:0.047981s ]
INFO: [ view_parse ] --END-- [ RunTime:0.049815s ]
INFO: [ view_filter ] --START--
INFO: Run Behavior\WriteHtmlCacheBehavior [ RunTime:0.001419s ]
INFO: [ view_filter ] --END-- [ RunTime:0.003129s ]
INFO: [ app_end ] --START--
INFO: Run Behavior\ShowPageTraceBehavior [ RunTime:0.001840s ]
INFO: [ app_end ] --END-- [ RunTime:0.004132s ]

[ 2017-02-12T11:14:00+08:00 ] ::1 /ComicWeb/index.php
INFO: [ app_init ] --START--
INFO: Run Behavior\BuildLiteBehavior [ RunTime:0.000322s ]
INFO: [ app_init ] --END-- [ RunTime:0.002865s ]
INFO: [ app_begin ] --START--
INFO: Run Behavior\ReadHtmlCacheBehavior [ RunTime:0.001676s ]
INFO: [ app_begin ] --END-- [ RunTime:0.003522s ]
NOTIC: [2] session_start(): open(\xampp\tmp\sess_9r22djkli517flspv95lgofme5, O_RDWR) failed: No such file or directory (2) H:\phpEclipseWork\ComicWeb\ThinkPHP\Common\functions.php 第 1263 行.
SQL: SHOW COLUMNS FROM `cartoon` [ RunTime:0.0051s ]
SQL: SELECT * FROM `cartoon` ORDER BY id desc  [ RunTime:0.0008s ]
INFO: [ view_parse ] --START--
INFO: [ template_filter ] --START--
INFO: Run Behavior\ContentReplaceBehavior [ RunTime:0.000892s ]
INFO: [ template_filter ] --END-- [ RunTime:0.002683s ]
INFO: Run Behavior\ParseTemplateBehavior [ RunTime:0.046743s ]
INFO: [ view_parse ] --END-- [ RunTime:0.049218s ]
INFO: [ view_filter ] --START--
INFO: Run Behavior\WriteHtmlCacheBehavior [ RunTime:0.002005s ]
INFO: [ view_filter ] --END-- [ RunTime:0.003837s ]
INFO: [ app_end ] --START--
INFO: Run Behavior\ShowPageTraceBehavior [ RunTime:0.001662s ]
INFO: [ app_end ] --END-- [ RunTime:0.003826s ]

[ 2017-02-12T11:14:01+08:00 ] ::1 /ComicWeb/index.php
INFO: [ app_init ] --START--
INFO: Run Behavior\BuildLiteBehavior [ RunTime:0.000461s ]
INFO: [ app_init ] --END-- [ RunTime:0.003523s ]
INFO: [ app_begin ] --START--
INFO: Run Behavior\ReadHtmlCacheBehavior [ RunTime:0.002035s ]
INFO: [ app_begin ] --END-- [ RunTime:0.004524s ]
NOTIC: [2] session_start(): open(\xampp\tmp\sess_9r22djkli517flspv95lgofme5, O_RDWR) failed: No such file or directory (2) H:\phpEclipseWork\ComicWeb\ThinkPHP\Common\functions.php 第 1263 行.
SQL: SHOW COLUMNS FROM `cartoon` [ RunTime:0.0180s ]
SQL: SELECT * FROM `cartoon` ORDER BY id desc  [ RunTime:0.0010s ]
INFO: [ view_parse ] --START--
INFO: [ template_filter ] --START--
INFO: Run Behavior\ContentReplaceBehavior [ RunTime:0.000762s ]
INFO: [ template_filter ] --END-- [ RunTime:0.002532s ]
INFO: Run Behavior\ParseTemplateBehavior [ RunTime:0.048531s ]
INFO: [ view_parse ] --END-- [ RunTime:0.050897s ]
INFO: [ view_filter ] --START--
INFO: Run Behavior\WriteHtmlCacheBehavior [ RunTime:0.001196s ]
INFO: [ view_filter ] --END-- [ RunTime:0.002901s ]
INFO: [ app_end ] --START--
INFO: Run Behavior\ShowPageTraceBehavior [ RunTime:0.001863s ]
INFO: [ app_end ] --END-- [ RunTime:0.004104s ]

[ 2017-02-12T11:27:34+08:00 ] ::1 /ComicWeb/index.php
INFO: [ app_init ] --START--
INFO: Run Behavior\BuildLiteBehavior [ RunTime:0.000338s ]
INFO: [ app_init ] --END-- [ RunTime:0.002814s ]
INFO: [ app_begin ] --START--
INFO: Run Behavior\ReadHtmlCacheBehavior [ RunTime:0.001819s ]
INFO: [ app_begin ] --END-- [ RunTime:0.003743s ]
NOTIC: [2] session_start(): open(\xampp\tmp\sess_9r22djkli517flspv95lgofme5, O_RDWR) failed: No such file or directory (2) H:\phpEclipseWork\ComicWeb\ThinkPHP\Common\functions.php 第 1263 行.
SQL: SHOW COLUMNS FROM `cartoon` [ RunTime:0.0039s ]
SQL: SELECT * FROM `cartoon` ORDER BY id desc  [ RunTime:0.0008s ]
INFO: [ view_parse ] --START--
INFO: [ template_filter ] --START--
INFO: Run Behavior\ContentReplaceBehavior [ RunTime:0.000808s ]
INFO: [ template_filter ] --END-- [ RunTime:0.002731s ]
INFO: Run Behavior\ParseTemplateBehavior [ RunTime:0.046884s ]
INFO: [ view_parse ] --END-- [ RunTime:0.048810s ]
INFO: [ view_filter ] --START--
INFO: Run Behavior\WriteHtmlCacheBehavior [ RunTime:0.001485s ]
INFO: [ view_filter ] --END-- [ RunTime:0.003360s ]
INFO: [ app_end ] --START--
INFO: Run Behavior\ShowPageTraceBehavior [ RunTime:0.002363s ]
INFO: [ app_end ] --END-- [ RunTime:0.005695s ]

[ 2017-02-12T11:36:57+08:00 ] ::1 /ComicWeb/index.php
INFO: [ app_init ] --START--
INFO: Run Behavior\BuildLiteBehavior [ RunTime:0.000344s ]
INFO: [ app_init ] --END-- [ RunTime:0.002869s ]
INFO: [ app_begin ] --START--
INFO: Run Behavior\ReadHtmlCacheBehavior [ RunTime:0.001825s ]
INFO: [ app_begin ] --END-- [ RunTime:0.003943s ]
NOTIC: [2] session_start(): open(\xampp\tmp\sess_9r22djkli517flspv95lgofme5, O_RDWR) failed: No such file or directory (2) H:\phpEclipseWork\ComicWeb\ThinkPHP\Common\functions.php 第 1263 行.
SQL: SHOW COLUMNS FROM `cartoon` [ RunTime:0.0042s ]
SQL: SELECT * FROM `cartoon` ORDER BY id desc  [ RunTime:0.0009s ]
INFO: [ view_parse ] --START--
INFO: [ template_filter ] --START--
INFO: Run Behavior\ContentReplaceBehavior [ RunTime:0.000813s ]
INFO: [ template_filter ] --END-- [ RunTime:0.003276s ]
INFO: Run Behavior\ParseTemplateBehavior [ RunTime:0.053845s ]
INFO: [ view_parse ] --END-- [ RunTime:0.057017s ]
INFO: [ view_filter ] --START--
INFO: Run Behavior\WriteHtmlCacheBehavior [ RunTime:0.001480s ]
INFO: [ view_filter ] --END-- [ RunTime:0.003753s ]
INFO: [ app_end ] --START--
INFO: Run Behavior\ShowPageTraceBehavior [ RunTime:0.003708s ]
INFO: [ app_end ] --END-- [ RunTime:0.006627s ]

[ 2017-02-12T11:41:09+08:00 ] ::1 /ComicWeb/index.php
INFO: [ app_init ] --START--
INFO: Run Behavior\BuildLiteBehavior [ RunTime:0.000582s ]
INFO: [ app_init ] --END-- [ RunTime:0.004612s ]
INFO: [ app_begin ] --START--
INFO: Run Behavior\ReadHtmlCacheBehavior [ RunTime:0.001796s ]
INFO: [ app_begin ] --END-- [ RunTime:0.003718s ]
NOTIC: [2] session_start(): open(\xampp\tmp\sess_9r22djkli517flspv95lgofme5, O_RDWR) failed: No such file or directory (2) H:\phpEclipseWork\ComicWeb\ThinkPHP\Common\functions.php 第 1263 行.
SQL: SHOW COLUMNS FROM `cartoon` [ RunTime:0.0047s ]
SQL: SELECT * FROM `cartoon` ORDER BY id desc  [ RunTime:0.0010s ]
INFO: [ view_parse ] --START--
INFO: [ template_filter ] --START--
INFO: Run Behavior\ContentReplaceBehavior [ RunTime:0.001071s ]
INFO: [ template_filter ] --END-- [ RunTime:0.003814s ]
INFO: Run Behavior\ParseTemplateBehavior [ RunTime:0.051107s ]
INFO: [ view_parse ] --END-- [ RunTime:0.053013s ]
INFO: [ view_filter ] --START--
INFO: Run Behavior\WriteHtmlCacheBehavior [ RunTime:0.001933s ]
INFO: [ view_filter ] --END-- [ RunTime:0.004551s ]
INFO: [ app_end ] --START--
INFO: Run Behavior\ShowPageTraceBehavior [ RunTime:0.002964s ]
INFO: [ app_end ] --END-- [ RunTime:0.006352s ]

[ 2017-02-12T11:42:10+08:00 ] ::1 /ComicWeb/index.php
INFO: [ app_init ] --START--
INFO: Run Behavior\BuildLiteBehavior [ RunTime:0.000344s ]
INFO: [ app_init ] --END-- [ RunTime:0.002853s ]
INFO: [ app_begin ] --START--
INFO: Run Behavior\ReadHtmlCacheBehavior [ RunTime:0.001960s ]
INFO: [ app_begin ] --END-- [ RunTime:0.004089s ]
NOTIC: [2] session_start(): open(\xampp\tmp\sess_9r22djkli517flspv95lgofme5, O_RDWR) failed: No such file or directory (2) H:\phpEclipseWork\ComicWeb\ThinkPHP\Common\functions.php 第 1263 行.
SQL: SHOW COLUMNS FROM `cartoon` [ RunTime:0.0044s ]
SQL: SELECT * FROM `cartoon` ORDER BY id desc  [ RunTime:0.0009s ]
INFO: [ view_parse ] --START--
INFO: [ template_filter ] --START--
INFO: Run Behavior\ContentReplaceBehavior [ RunTime:0.000820s ]
INFO: [ template_filter ] --END-- [ RunTime:0.002782s ]
INFO: Run Behavior\ParseTemplateBehavior [ RunTime:0.046764s ]
INFO: [ view_parse ] --END-- [ RunTime:0.049261s ]
INFO: [ view_filter ] --START--
INFO: Run Behavior\WriteHtmlCacheBehavior [ RunTime:0.001517s ]
INFO: [ view_filter ] --END-- [ RunTime:0.004224s ]
INFO: [ app_end ] --START--
INFO: Run Behavior\ShowPageTraceBehavior [ RunTime:0.003082s ]
INFO: [ app_end ] --END-- [ RunTime:0.005973s ]

[ 2017-02-12T11:42:57+08:00 ] ::1 /ComicWeb/index.php
INFO: [ app_init ] --START--
INFO: Run Behavior\BuildLiteBehavior [ RunTime:0.000354s ]
INFO: [ app_init ] --END-- [ RunTime:0.003371s ]
INFO: [ app_begin ] --START--
INFO: Run Behavior\ReadHtmlCacheBehavior [ RunTime:0.001658s ]
INFO: [ app_begin ] --END-- [ RunTime:0.003607s ]
NOTIC: [2] session_start(): open(\xampp\tmp\sess_9r22djkli517flspv95lgofme5, O_RDWR) failed: No such file or directory (2) H:\phpEclipseWork\ComicWeb\ThinkPHP\Common\functions.php 第 1263 行.
SQL: SHOW COLUMNS FROM `cartoon` [ RunTime:0.0049s ]
SQL: SELECT * FROM `cartoon` ORDER BY id desc  [ RunTime:0.0007s ]
INFO: [ view_parse ] --START--
INFO: [ template_filter ] --START--
INFO: Run Behavior\ContentReplaceBehavior [ RunTime:0.000822s ]
INFO: [ template_filter ] --END-- [ RunTime:0.003254s ]
NOTIC: [8] Use of undefined constant content - assumed 'content' H:\phpEclipseWork\ComicWeb\Home\Runtime\Cache\Home\76fa5d91061b37f679ea44f50ab94989.php 第 99 行.
NOTIC: [8] Use of undefined constant content - assumed 'content' H:\phpEclipseWork\ComicWeb\Home\Runtime\Cache\Home\76fa5d91061b37f679ea44f50ab94989.php 第 99 行.
NOTIC: [8] Use of undefined constant content - assumed 'content' H:\phpEclipseWork\ComicWeb\Home\Runtime\Cache\Home\76fa5d91061b37f679ea44f50ab94989.php 第 99 行.
NOTIC: [8] Use of undefined constant content - assumed 'content' H:\phpEclipseWork\ComicWeb\Home\Runtime\Cache\Home\76fa5d91061b37f679ea44f50ab94989.php 第 99 行.
NOTIC: [8] Use of undefined constant content - assumed 'content' H:\phpEclipseWork\ComicWeb\Home\Runtime\Cache\Home\76fa5d91061b37f679ea44f50ab94989.php 第 99 行.
NOTIC: [8] Use of undefined constant content - assumed 'content' H:\phpEclipseWork\ComicWeb\Home\Runtime\Cache\Home\76fa5d91061b37f679ea44f50ab94989.php 第 99 行.
NOTIC: [8] Use of undefined constant content - assumed 'content' H:\phpEclipseWork\ComicWeb\Home\Runtime\Cache\Home\76fa5d91061b37f679ea44f50ab94989.php 第 99 行.
NOTIC: [8] Use of undefined constant content - assumed 'content' H:\phpEclipseWork\ComicWeb\Home\Runtime\Cache\Home\76fa5d91061b37f679ea44f50ab94989.php 第 99 行.
NOTIC: [8] Use of undefined constant content - assumed 'content' H:\phpEclipseWork\ComicWeb\Home\Runtime\Cache\Home\76fa5d91061b37f679ea44f50ab94989.php 第 99 行.
NOTIC: [8] Use of undefined constant content - assumed 'content' H:\phpEclipseWork\ComicWeb\Home\Runtime\Cache\Home\76fa5d91061b37f679ea44f50ab94989.php 第 99 行.
NOTIC: [8] Use of undefined constant content - assumed 'content' H:\phpEclipseWork\ComicWeb\Home\Runtime\Cache\Home\76fa5d91061b37f679ea44f50ab94989.php 第 99 行.
NOTIC: [8] Use of undefined constant content - assumed 'content' H:\phpEclipseWork\ComicWeb\Home\Runtime\Cache\Home\76fa5d91061b37f679ea44f50ab94989.php 第 99 行.
NOTIC: [8] Use of undefined constant content - assumed 'content' H:\phpEclipseWork\ComicWeb\Home\Runtime\Cache\Home\76fa5d91061b37f679ea44f50ab94989.php 第 99 行.
NOTIC: [8] Use of undefined constant content - assumed 'content' H:\phpEclipseWork\ComicWeb\Home\Runtime\Cache\Home\76fa5d91061b37f679ea44f50ab94989.php 第 99 行.
INFO: Run Behavior\ParseTemplateBehavior [ RunTime:0.060136s ]
INFO: [ view_parse ] --END-- [ RunTime:0.062017s ]
INFO: [ view_filter ] --START--
INFO: Run Behavior\WriteHtmlCacheBehavior [ RunTime:0.001396s ]
INFO: [ view_filter ] --END-- [ RunTime:0.003293s ]
INFO: [ app_end ] --START--
INFO: Run Behavior\ShowPageTraceBehavior [ RunTime:0.001810s ]
INFO: [ app_end ] --END-- [ RunTime:0.006213s ]

[ 2017-02-12T12:30:23+08:00 ] ::1 /ComicWeb/index.php
INFO: [ app_init ] --START--
INFO: Run Behavior\BuildLiteBehavior [ RunTime:0.000342s ]
INFO: [ app_init ] --END-- [ RunTime:0.002730s ]
INFO: [ app_begin ] --START--
INFO: Run Behavior\ReadHtmlCacheBehavior [ RunTime:0.001716s ]
INFO: [ app_begin ] --END-- [ RunTime:0.003764s ]
NOTIC: [2] session_start(): open(\xampp\tmp\sess_9r22djkli517flspv95lgofme5, O_RDWR) failed: No such file or directory (2) H:\phpEclipseWork\ComicWeb\ThinkPHP\Common\functions.php 第 1263 行.
SQL: SHOW COLUMNS FROM `cartoon` [ RunTime:0.0039s ]
SQL: SELECT * FROM `cartoon` ORDER BY id desc  [ RunTime:0.0010s ]
INFO: [ view_parse ] --START--
INFO: [ template_filter ] --START--
INFO: Run Behavior\ContentReplaceBehavior [ RunTime:0.000819s ]
INFO: [ template_filter ] --END-- [ RunTime:0.002708s ]
INFO: Run Behavior\ParseTemplateBehavior [ RunTime:0.049396s ]
INFO: [ view_parse ] --END-- [ RunTime:0.051495s ]
INFO: [ view_filter ] --START--
INFO: Run Behavior\WriteHtmlCacheBehavior [ RunTime:0.001368s ]
INFO: [ view_filter ] --END-- [ RunTime:0.003222s ]
INFO: [ app_end ] --START--
INFO: Run Behavior\ShowPageTraceBehavior [ RunTime:0.005754s ]
INFO: [ app_end ] --END-- [ RunTime:0.010395s ]

[ 2017-02-12T12:39:14+08:00 ] ::1 /ComicWeb/index.php
INFO: [ app_init ] --START--
INFO: Run Behavior\BuildLiteBehavior [ RunTime:0.000363s ]
INFO: [ app_init ] --END-- [ RunTime:0.003419s ]
INFO: [ app_begin ] --START--
INFO: Run Behavior\ReadHtmlCacheBehavior [ RunTime:0.001916s ]
INFO: [ app_begin ] --END-- [ RunTime:0.003873s ]
NOTIC: [2] session_start(): open(\xampp\tmp\sess_9r22djkli517flspv95lgofme5, O_RDWR) failed: No such file or directory (2) H:\phpEclipseWork\ComicWeb\ThinkPHP\Common\functions.php 第 1263 行.
SQL: SHOW COLUMNS FROM `cartoon` [ RunTime:0.0042s ]
SQL: SELECT * FROM `cartoon` ORDER BY id desc  [ RunTime:0.0011s ]
INFO: [ view_parse ] --START--
INFO: [ template_filter ] --START--
INFO: Run Behavior\ContentReplaceBehavior [ RunTime:0.000884s ]
INFO: [ template_filter ] --END-- [ RunTime:0.003861s ]
INFO: Run Behavior\ParseTemplateBehavior [ RunTime:0.048601s ]
INFO: [ view_parse ] --END-- [ RunTime:0.050649s ]
INFO: [ view_filter ] --START--
INFO: Run Behavior\WriteHtmlCacheBehavior [ RunTime:0.001742s ]
INFO: [ view_filter ] --END-- [ RunTime:0.003616s ]
INFO: [ app_end ] --START--
INFO: Run Behavior\ShowPageTraceBehavior [ RunTime:0.002989s ]
INFO: [ app_end ] --END-- [ RunTime:0.006940s ]

[ 2017-02-12T12:40:16+08:00 ] ::1 /ComicWeb/index.php
INFO: [ app_init ] --START--
INFO: Run Behavior\BuildLiteBehavior [ RunTime:0.000364s ]
INFO: [ app_init ] --END-- [ RunTime:0.003105s ]
INFO: [ app_begin ] --START--
INFO: Run Behavior\ReadHtmlCacheBehavior [ RunTime:0.002161s ]
INFO: [ app_begin ] --END-- [ RunTime:0.004363s ]
NOTIC: [2] session_start(): open(\xampp\tmp\sess_9r22djkli517flspv95lgofme5, O_RDWR) failed: No such file or directory (2) H:\phpEclipseWork\ComicWeb\ThinkPHP\Common\functions.php 第 1263 行.
SQL: SHOW COLUMNS FROM `cartoon` [ RunTime:0.0046s ]
SQL: SELECT * FROM `cartoon` ORDER BY id desc  [ RunTime:0.0010s ]
INFO: [ view_parse ] --START--
INFO: [ template_filter ] --START--
INFO: Run Behavior\ContentReplaceBehavior [ RunTime:0.000828s ]
INFO: [ template_filter ] --END-- [ RunTime:0.002740s ]

[ 2017-02-12T12:41:26+08:00 ] ::1 /ComicWeb/index.php
INFO: [ app_init ] --START--
INFO: Run Behavior\BuildLiteBehavior [ RunTime:0.000351s ]
INFO: [ app_init ] --END-- [ RunTime:0.003364s ]
INFO: [ app_begin ] --START--
INFO: Run Behavior\ReadHtmlCacheBehavior [ RunTime:0.001888s ]
INFO: [ app_begin ] --END-- [ RunTime:0.003843s ]
NOTIC: [2] session_start(): open(\xampp\tmp\sess_9r22djkli517flspv95lgofme5, O_RDWR) failed: No such file or directory (2) H:\phpEclipseWork\ComicWeb\ThinkPHP\Common\functions.php 第 1263 行.
SQL: SHOW COLUMNS FROM `cartoon` [ RunTime:0.0057s ]
SQL: SELECT * FROM `cartoon` ORDER BY id desc  [ RunTime:0.0008s ]
INFO: [ view_parse ] --START--
INFO: [ template_filter ] --START--
INFO: Run Behavior\ContentReplaceBehavior [ RunTime:0.000816s ]
INFO: [ template_filter ] --END-- [ RunTime:0.002713s ]
INFO: Run Behavior\ParseTemplateBehavior [ RunTime:0.046708s ]
INFO: [ view_parse ] --END-- [ RunTime:0.048724s ]
INFO: [ view_filter ] --START--
INFO: Run Behavior\WriteHtmlCacheBehavior [ RunTime:0.001902s ]
INFO: [ view_filter ] --END-- [ RunTime:0.004372s ]
INFO: [ app_end ] --START--
INFO: Run Behavior\ShowPageTraceBehavior [ RunTime:0.003073s ]
INFO: [ app_end ] --END-- [ RunTime:0.006338s ]

[ 2017-02-12T13:10:14+08:00 ] ::1 /ComicWeb/index.php
INFO: [ app_init ] --START--
INFO: Run Behavior\BuildLiteBehavior [ RunTime:0.000399s ]
INFO: [ app_init ] --END-- [ RunTime:0.003388s ]
INFO: [ app_begin ] --START--
INFO: Run Behavior\ReadHtmlCacheBehavior [ RunTime:0.001822s ]
INFO: [ app_begin ] --END-- [ RunTime:0.003783s ]
NOTIC: [2] session_start(): open(\xampp\tmp\sess_9r22djkli517flspv95lgofme5, O_RDWR) failed: No such file or directory (2) H:\phpEclipseWork\ComicWeb\ThinkPHP\Common\functions.php 第 1263 行.
SQL: SHOW COLUMNS FROM `cartoon` [ RunTime:0.0039s ]
SQL: SELECT * FROM `cartoon` ORDER BY id desc  [ RunTime:0.0008s ]
INFO: [ view_parse ] --START--
INFO: [ template_filter ] --START--
INFO: Run Behavior\ContentReplaceBehavior [ RunTime:0.000803s ]
INFO: [ template_filter ] --END-- [ RunTime:0.002788s ]
INFO: Run Behavior\ParseTemplateBehavior [ RunTime:0.053512s ]
INFO: [ view_parse ] --END-- [ RunTime:0.055445s ]
INFO: [ view_filter ] --START--
INFO: Run Behavior\WriteHtmlCacheBehavior [ RunTime:0.001643s ]
INFO: [ view_filter ] --END-- [ RunTime:0.004471s ]
INFO: [ app_end ] --START--
INFO: Run Behavior\ShowPageTraceBehavior [ RunTime:0.002705s ]
INFO: [ app_end ] --END-- [ RunTime:0.005415s ]

[ 2017-02-12T13:18:52+08:00 ] ::1 /ComicWeb/index.php
INFO: [ app_init ] --START--
INFO: Run Behavior\BuildLiteBehavior [ RunTime:0.000365s ]
INFO: [ app_init ] --END-- [ RunTime:0.003274s ]
INFO: [ app_begin ] --START--
INFO: Run Behavior\ReadHtmlCacheBehavior [ RunTime:0.002174s ]
INFO: [ app_begin ] --END-- [ RunTime:0.004257s ]
NOTIC: [2] session_start(): open(\xampp\tmp\sess_9r22djkli517flspv95lgofme5, O_RDWR) failed: No such file or directory (2) H:\phpEclipseWork\ComicWeb\ThinkPHP\Common\functions.php 第 1263 行.
SQL: SHOW COLUMNS FROM `cartoon` [ RunTime:0.0045s ]
SQL: SELECT * FROM `cartoon` ORDER BY id desc  [ RunTime:0.0008s ]
INFO: [ view_parse ] --START--
INFO: [ template_filter ] --START--
INFO: Run Behavior\ContentReplaceBehavior [ RunTime:0.000832s ]
INFO: [ template_filter ] --END-- [ RunTime:0.002758s ]

[ 2017-02-12T13:19:18+08:00 ] ::1 /ComicWeb/index.php
INFO: [ app_init ] --START--
INFO: Run Behavior\BuildLiteBehavior [ RunTime:0.000351s ]
INFO: [ app_init ] --END-- [ RunTime:0.003194s ]
INFO: [ app_begin ] --START--
INFO: Run Behavior\ReadHtmlCacheBehavior [ RunTime:0.002165s ]
INFO: [ app_begin ] --END-- [ RunTime:0.004494s ]
NOTIC: [2] session_start(): open(\xampp\tmp\sess_9r22djkli517flspv95lgofme5, O_RDWR) failed: No such file or directory (2) H:\phpEclipseWork\ComicWeb\ThinkPHP\Common\functions.php 第 1263 行.
SQL: SHOW COLUMNS FROM `cartoon` [ RunTime:0.0039s ]
SQL: SELECT * FROM `cartoon` ORDER BY id desc  [ RunTime:0.0008s ]
INFO: [ view_parse ] --START--
INFO: [ template_filter ] --START--
INFO: Run Behavior\ContentReplaceBehavior [ RunTime:0.000850s ]
INFO: [ template_filter ] --END-- [ RunTime:0.003036s ]
INFO: Run Behavior\ParseTemplateBehavior [ RunTime:0.129959s ]
INFO: [ view_parse ] --END-- [ RunTime:0.131930s ]
INFO: [ view_filter ] --START--
INFO: Run Behavior\WriteHtmlCacheBehavior [ RunTime:0.001575s ]
INFO: [ view_filter ] --END-- [ RunTime:0.003603s ]
INFO: [ app_end ] --START--
INFO: Run Behavior\ShowPageTraceBehavior [ RunTime:0.002561s ]
INFO: [ app_end ] --END-- [ RunTime:0.005327s ]

[ 2017-02-12T13:19:35+08:00 ] ::1 /ComicWeb/index.php
INFO: [ app_init ] --START--
INFO: Run Behavior\BuildLiteBehavior [ RunTime:0.000347s ]
INFO: [ app_init ] --END-- [ RunTime:0.003121s ]
INFO: [ app_begin ] --START--
INFO: Run Behavior\ReadHtmlCacheBehavior [ RunTime:0.001744s ]
INFO: [ app_begin ] --END-- [ RunTime:0.003722s ]
NOTIC: [2] session_start(): open(\xampp\tmp\sess_9r22djkli517flspv95lgofme5, O_RDWR) failed: No such file or directory (2) H:\phpEclipseWork\ComicWeb\ThinkPHP\Common\functions.php 第 1263 行.
SQL: SHOW COLUMNS FROM `cartoon` [ RunTime:0.0046s ]
SQL: SELECT * FROM `cartoon` ORDER BY id desc  [ RunTime:0.0008s ]
INFO: [ view_parse ] --START--
INFO: [ template_filter ] --START--
INFO: Run Behavior\ContentReplaceBehavior [ RunTime:0.000840s ]
INFO: [ template_filter ] --END-- [ RunTime:0.002797s ]
INFO: Run Behavior\ParseTemplateBehavior [ RunTime:0.047622s ]
INFO: [ view_parse ] --END-- [ RunTime:0.049552s ]
INFO: [ view_filter ] --START--
INFO: Run Behavior\WriteHtmlCacheBehavior [ RunTime:0.001436s ]
INFO: [ view_filter ] --END-- [ RunTime:0.003345s ]
INFO: [ app_end ] --START--
INFO: Run Behavior\ShowPageTraceBehavior [ RunTime:0.002690s ]
INFO: [ app_end ] --END-- [ RunTime:0.005289s ]

[ 2017-02-12T16:03:19+08:00 ] ::1 /ComicWeb/index.php
INFO: [ app_init ] --START--
INFO: Run Behavior\BuildLiteBehavior [ RunTime:0.000383s ]
INFO: [ app_init ] --END-- [ RunTime:0.004227s ]
INFO: [ app_begin ] --START--
INFO: Run Behavior\ReadHtmlCacheBehavior [ RunTime:0.002543s ]
INFO: [ app_begin ] --END-- [ RunTime:0.006420s ]
NOTIC: [2] session_start(): open(\xampp\tmp\sess_9r22djkli517flspv95lgofme5, O_RDWR) failed: No such file or directory (2) H:\phpEclipseWork\ComicWeb\ThinkPHP\Common\functions.php 第 1263 行.
SQL: SHOW COLUMNS FROM `cartoon` [ RunTime:0.0065s ]
SQL: SELECT * FROM `cartoon` ORDER BY id desc  [ RunTime:0.0008s ]
INFO: [ view_parse ] --START--
INFO: [ template_filter ] --START--
INFO: Run Behavior\ContentReplaceBehavior [ RunTime:0.000810s ]
INFO: [ template_filter ] --END-- [ RunTime:0.002706s ]
INFO: Run Behavior\ParseTemplateBehavior [ RunTime:0.052660s ]
INFO: [ view_parse ] --END-- [ RunTime:0.054678s ]
INFO: [ view_filter ] --START--
INFO: Run Behavior\WriteHtmlCacheBehavior [ RunTime:0.002610s ]
INFO: [ view_filter ] --END-- [ RunTime:0.004972s ]
INFO: [ app_end ] --START--
INFO: Run Behavior\ShowPageTraceBehavior [ RunTime:0.003673s ]
INFO: [ app_end ] --END-- [ RunTime:0.009464s ]

[ 2017-02-12T16:05:33+08:00 ] ::1 /ComicWeb/index.php
INFO: [ app_init ] --START--
INFO: Run Behavior\BuildLiteBehavior [ RunTime:0.000344s ]
INFO: [ app_init ] --END-- [ RunTime:0.002811s ]
INFO: [ app_begin ] --START--
INFO: Run Behavior\ReadHtmlCacheBehavior [ RunTime:0.001952s ]
INFO: [ app_begin ] --END-- [ RunTime:0.003961s ]
NOTIC: [2] session_start(): open(\xampp\tmp\sess_9r22djkli517flspv95lgofme5, O_RDWR) failed: No such file or directory (2) H:\phpEclipseWork\ComicWeb\ThinkPHP\Common\functions.php 第 1263 行.
SQL: SHOW COLUMNS FROM `cartoon` [ RunTime:0.0039s ]
SQL: SELECT * FROM `cartoon` ORDER BY id desc  [ RunTime:0.0013s ]
INFO: [ view_parse ] --START--
INFO: [ template_filter ] --START--
INFO: Run Behavior\ContentReplaceBehavior [ RunTime:0.000831s ]
INFO: [ template_filter ] --END-- [ RunTime:0.002715s ]
INFO: Run Behavior\ParseTemplateBehavior [ RunTime:0.047595s ]
INFO: [ view_parse ] --END-- [ RunTime:0.049477s ]
INFO: [ view_filter ] --START--
INFO: Run Behavior\WriteHtmlCacheBehavior [ RunTime:0.001420s ]
INFO: [ view_filter ] --END-- [ RunTime:0.003335s ]
INFO: [ app_end ] --START--
INFO: Run Behavior\ShowPageTraceBehavior [ RunTime:0.006089s ]
INFO: [ app_end ] --END-- [ RunTime:0.009281s ]

[ 2017-02-12T16:05:50+08:00 ] ::1 /ComicWeb/index.php
INFO: [ app_init ] --START--
INFO: Run Behavior\BuildLiteBehavior [ RunTime:0.000513s ]
INFO: [ app_init ] --END-- [ RunTime:0.003700s ]
INFO: [ app_begin ] --START--
INFO: Run Behavior\ReadHtmlCacheBehavior [ RunTime:0.002210s ]
INFO: [ app_begin ] --END-- [ RunTime:0.004145s ]
NOTIC: [2] session_start(): open(\xampp\tmp\sess_9r22djkli517flspv95lgofme5, O_RDWR) failed: No such file or directory (2) H:\phpEclipseWork\ComicWeb\ThinkPHP\Common\functions.php 第 1263 行.
SQL: SHOW COLUMNS FROM `cartoon` [ RunTime:0.0048s ]
SQL: SELECT * FROM `cartoon` ORDER BY id desc  [ RunTime:0.0008s ]
INFO: [ view_parse ] --START--
INFO: [ template_filter ] --START--
INFO: Run Behavior\ContentReplaceBehavior [ RunTime:0.000812s ]
INFO: [ template_filter ] --END-- [ RunTime:0.002709s ]
INFO: Run Behavior\ParseTemplateBehavior [ RunTime:0.049578s ]
INFO: [ view_parse ] --END-- [ RunTime:0.051535s ]
INFO: [ view_filter ] --START--
INFO: Run Behavior\WriteHtmlCacheBehavior [ RunTime:0.001705s ]
INFO: [ view_filter ] --END-- [ RunTime:0.003557s ]
INFO: [ app_end ] --START--
INFO: Run Behavior\ShowPageTraceBehavior [ RunTime:0.002425s ]
INFO: [ app_end ] --END-- [ RunTime:0.005145s ]

