[ 2017-02-13T15:36:06+08:00 ] ::1 /ComicWeb/index.php
INFO: [ app_init ] --START--
INFO: Run Behavior\BuildLiteBehavior [ RunTime:0.000351s ]
INFO: [ app_init ] --END-- [ RunTime:0.002926s ]
INFO: [ app_begin ] --START--
INFO: Run Behavior\ReadHtmlCacheBehavior [ RunTime:0.001955s ]
INFO: [ app_begin ] --END-- [ RunTime:0.003954s ]
NOTIC: [2] session_start(): open(\xampp\tmp\sess_hlpm7a68i0mgeuhdhc364m26k6, O_RDWR) failed: No such file or directory (2) H:\phpEclipseWork\ComicWeb\ThinkPHP\Common\functions.php 第 1263 行.
SQL: SHOW COLUMNS FROM `cartoon` [ RunTime:0.0039s ]
SQL: SELECT * FROM `cartoon` ORDER BY id desc  [ RunTime:0.0008s ]
INFO: [ view_parse ] --START--
INFO: [ template_filter ] --START--
INFO: Run Behavior\ContentReplaceBehavior [ RunTime:0.000816s ]
INFO: [ template_filter ] --END-- [ RunTime:0.002721s ]
INFO: Run Behavior\ParseTemplateBehavior [ RunTime:0.050179s ]
INFO: [ view_parse ] --END-- [ RunTime:0.052057s ]
INFO: [ view_filter ] --START--
INFO: Run Behavior\WriteHtmlCacheBehavior [ RunTime:0.001590s ]
INFO: [ view_filter ] --END-- [ RunTime:0.003514s ]
INFO: [ app_end ] --START--
INFO: Run Behavior\ShowPageTraceBehavior [ RunTime:0.003451s ]
INFO: [ app_end ] --END-- [ RunTime:0.007639s ]

[ 2017-02-13T17:08:50+08:00 ] ::1 /ComicWeb/index.php
INFO: [ app_init ] --START--
INFO: Run Behavior\BuildLiteBehavior [ RunTime:0.000344s ]
INFO: [ app_init ] --END-- [ RunTime:0.003002s ]
INFO: [ app_begin ] --START--
INFO: Run Behavior\ReadHtmlCacheBehavior [ RunTime:0.004273s ]
INFO: [ app_begin ] --END-- [ RunTime:0.007386s ]
NOTIC: [2] session_start(): open(\xampp\tmp\sess_hlpm7a68i0mgeuhdhc364m26k6, O_RDWR) failed: No such file or directory (2) H:\phpEclipseWork\ComicWeb\ThinkPHP\Common\functions.php 第 1263 行.
SQL: SHOW COLUMNS FROM `cartoon` [ RunTime:0.0055s ]
SQL: SELECT * FROM `cartoon` ORDER BY id desc  [ RunTime:0.0008s ]
INFO: [ view_parse ] --START--
INFO: [ template_filter ] --START--
INFO: Run Behavior\ContentReplaceBehavior [ RunTime:0.000854s ]
INFO: [ template_filter ] --END-- [ RunTime:0.003094s ]
INFO: Run Behavior\ParseTemplateBehavior [ RunTime:0.050786s ]
INFO: [ view_parse ] --END-- [ RunTime:0.053102s ]
INFO: [ view_filter ] --START--
INFO: Run Behavior\WriteHtmlCacheBehavior [ RunTime:0.001818s ]
INFO: [ view_filter ] --END-- [ RunTime:0.003707s ]
INFO: [ app_end ] --START--
INFO: Run Behavior\ShowPageTraceBehavior [ RunTime:0.003463s ]
INFO: [ app_end ] --END-- [ RunTime:0.006630s ]

[ 2017-02-13T22:58:09+08:00 ] ::1 /ComicWeb/index.php/Home/index/index
INFO: [ app_init ] --START--
INFO: Run Behavior\BuildLiteBehavior [ RunTime:0.000377s ]
INFO: [ app_init ] --END-- [ RunTime:0.002896s ]
INFO: [ app_begin ] --START--
INFO: Run Behavior\ReadHtmlCacheBehavior [ RunTime:0.001899s ]
INFO: [ app_begin ] --END-- [ RunTime:0.003777s ]
NOTIC: [2] session_start(): open(\xampp\tmp\sess_ce5b5upvfnkelaf5mb79i1bhr0, O_RDWR) failed: No such file or directory (2) H:\phpEclipseWork\ComicWeb\ThinkPHP\Common\functions.php 第 1263 行.
SQL: SHOW COLUMNS FROM `cartoon` [ RunTime:0.0045s ]
SQL: SELECT * FROM `cartoon` ORDER BY id desc  [ RunTime:0.0008s ]
INFO: [ view_parse ] --START--
INFO: [ template_filter ] --START--
INFO: Run Behavior\ContentReplaceBehavior [ RunTime:0.000852s ]
INFO: [ template_filter ] --END-- [ RunTime:0.003152s ]
INFO: Run Behavior\ParseTemplateBehavior [ RunTime:0.050906s ]
INFO: [ view_parse ] --END-- [ RunTime:0.053137s ]
INFO: [ view_filter ] --START--
INFO: Run Behavior\WriteHtmlCacheBehavior [ RunTime:0.001397s ]
INFO: [ view_filter ] --END-- [ RunTime:0.003222s ]
INFO: [ app_end ] --START--
INFO: Run Behavior\ShowPageTraceBehavior [ RunTime:0.003883s ]
INFO: [ app_end ] --END-- [ RunTime:0.007340s ]

