[ 2017-02-18T09:54:43+08:00 ] 127.0.0.1 /ComicWeb/admin.php/Home/login/index
INFO: [ app_init ] --START--
INFO: Run Behavior\BuildLiteBehavior [ RunTime:0.000308s ]
INFO: [ app_init ] --END-- [ RunTime:0.003019s ]
INFO: [ app_begin ] --START--
INFO: Run Behavior\ReadHtmlCacheBehavior [ RunTime:0.002041s ]
INFO: [ app_begin ] --END-- [ RunTime:0.003846s ]
INFO: [ view_parse ] --START--
INFO: [ template_filter ] --START--
INFO: Run Behavior\ContentReplaceBehavior [ RunTime:0.000817s ]
INFO: [ template_filter ] --END-- [ RunTime:0.002601s ]
INFO: Run Behavior\ParseTemplateBehavior [ RunTime:0.032053s ]
INFO: [ view_parse ] --END-- [ RunTime:0.033777s ]
INFO: [ view_filter ] --START--
INFO: Run Behavior\WriteHtmlCacheBehavior [ RunTime:0.001716s ]
INFO: [ view_filter ] --END-- [ RunTime:0.003576s ]
INFO: [ app_end ] --START--
INFO: Run Behavior\ShowPageTraceBehavior [ RunTime:0.002024s ]
INFO: [ app_end ] --END-- [ RunTime:0.003761s ]

[ 2017-02-18T09:54:43+08:00 ] 127.0.0.1 /ComicWeb/admin.php/Home/login/index
INFO: [ app_init ] --START--
INFO: Run Behavior\BuildLiteBehavior [ RunTime:0.000321s ]
INFO: [ app_init ] --END-- [ RunTime:0.003466s ]
INFO: [ app_begin ] --START--
INFO: Run Behavior\ReadHtmlCacheBehavior [ RunTime:0.001790s ]
INFO: [ app_begin ] --END-- [ RunTime:0.003510s ]
INFO: [ view_parse ] --START--
INFO: [ template_filter ] --START--
INFO: Run Behavior\ContentReplaceBehavior [ RunTime:0.001446s ]
INFO: [ template_filter ] --END-- [ RunTime:0.003722s ]
INFO: Run Behavior\ParseTemplateBehavior [ RunTime:0.026284s ]
INFO: [ view_parse ] --END-- [ RunTime:0.028450s ]
INFO: [ view_filter ] --START--
INFO: Run Behavior\WriteHtmlCacheBehavior [ RunTime:0.002814s ]
INFO: [ view_filter ] --END-- [ RunTime:0.005999s ]
INFO: [ app_end ] --START--
INFO: Run Behavior\ShowPageTraceBehavior [ RunTime:0.001883s ]
INFO: [ app_end ] --END-- [ RunTime:0.004660s ]

[ 2017-02-18T10:31:57+08:00 ] ::1 /ComicWeb/admin.php/Home/login/
INFO: [ app_init ] --START--
INFO: Run Behavior\BuildLiteBehavior [ RunTime:0.000555s ]
INFO: [ app_init ] --END-- [ RunTime:0.004644s ]
INFO: [ app_begin ] --START--
INFO: Run Behavior\ReadHtmlCacheBehavior [ RunTime:0.002596s ]
INFO: [ app_begin ] --END-- [ RunTime:0.008648s ]
INFO: [ view_parse ] --START--
INFO: [ template_filter ] --START--
INFO: Run Behavior\ContentReplaceBehavior [ RunTime:0.000845s ]
INFO: [ template_filter ] --END-- [ RunTime:0.002732s ]
INFO: Run Behavior\ParseTemplateBehavior [ RunTime:0.040759s ]
INFO: [ view_parse ] --END-- [ RunTime:0.043219s ]
INFO: [ view_filter ] --START--
INFO: Run Behavior\WriteHtmlCacheBehavior [ RunTime:0.002073s ]
INFO: [ view_filter ] --END-- [ RunTime:0.004015s ]
INFO: [ app_end ] --START--
INFO: Run Behavior\ShowPageTraceBehavior [ RunTime:0.003112s ]
INFO: [ app_end ] --END-- [ RunTime:0.006627s ]

[ 2017-02-18T10:44:35+08:00 ] ::1 /ComicWeb/admin.php/Home/Login/check
INFO: [ app_init ] --START--
INFO: Run Behavior\BuildLiteBehavior [ RunTime:0.000344s ]
INFO: [ app_init ] --END-- [ RunTime:0.002966s ]
INFO: [ app_begin ] --START--
INFO: Run Behavior\ReadHtmlCacheBehavior [ RunTime:0.001711s ]
INFO: [ app_begin ] --END-- [ RunTime:0.003637s ]
SQL: SHOW COLUMNS FROM `user` [ RunTime:0.0395s ]
INFO: [ view_parse ] --START--
INFO: [ template_filter ] --START--
INFO: Run Behavior\ContentReplaceBehavior [ RunTime:0.001013s ]
INFO: [ template_filter ] --END-- [ RunTime:0.003338s ]
INFO: Run Behavior\ParseTemplateBehavior [ RunTime:0.046484s ]
INFO: [ view_parse ] --END-- [ RunTime:0.049751s ]
INFO: [ view_filter ] --START--
INFO: Run Behavior\WriteHtmlCacheBehavior [ RunTime:0.001554s ]
INFO: [ view_filter ] --END-- [ RunTime:0.003664s ]

[ 2017-02-18T10:45:30+08:00 ] ::1 /ComicWeb/admin.php/Home/Login/verify
INFO: [ app_init ] --START--
INFO: Run Behavior\BuildLiteBehavior [ RunTime:0.000532s ]
INFO: [ app_init ] --END-- [ RunTime:0.003082s ]
INFO: [ app_begin ] --START--
INFO: Run Behavior\ReadHtmlCacheBehavior [ RunTime:0.002030s ]
INFO: [ app_begin ] --END-- [ RunTime:0.004677s ]
INFO: [ app_end ] --START--
INFO: Run Behavior\ShowPageTraceBehavior [ RunTime:0.002436s ]
INFO: [ app_end ] --END-- [ RunTime:0.005204s ]

[ 2017-02-18T11:01:06+08:00 ] ::1 /ComicWeb/admin.php/Home/Login/
INFO: [ app_init ] --START--
INFO: Run Behavior\BuildLiteBehavior [ RunTime:0.000753s ]
INFO: [ app_init ] --END-- [ RunTime:0.006316s ]
INFO: [ app_begin ] --START--
INFO: Run Behavior\ReadHtmlCacheBehavior [ RunTime:0.003148s ]
INFO: [ app_begin ] --END-- [ RunTime:0.007089s ]
INFO: [ view_parse ] --START--
INFO: [ template_filter ] --START--
INFO: Run Behavior\ContentReplaceBehavior [ RunTime:0.001367s ]
INFO: [ template_filter ] --END-- [ RunTime:0.004339s ]
INFO: Run Behavior\ParseTemplateBehavior [ RunTime:0.047658s ]
INFO: [ view_parse ] --END-- [ RunTime:0.050609s ]
INFO: [ view_filter ] --START--
INFO: Run Behavior\WriteHtmlCacheBehavior [ RunTime:0.001520s ]
INFO: [ view_filter ] --END-- [ RunTime:0.003511s ]
INFO: [ app_end ] --START--
INFO: Run Behavior\ShowPageTraceBehavior [ RunTime:0.002242s ]
INFO: [ app_end ] --END-- [ RunTime:0.004049s ]

[ 2017-02-18T11:01:06+08:00 ] ::1 /ComicWeb/admin.php/Home/Login/
INFO: [ app_init ] --START--
INFO: Run Behavior\BuildLiteBehavior [ RunTime:0.000645s ]
INFO: [ app_init ] --END-- [ RunTime:0.008274s ]
INFO: [ app_begin ] --START--
INFO: Run Behavior\ReadHtmlCacheBehavior [ RunTime:0.003948s ]
INFO: [ app_begin ] --END-- [ RunTime:0.007450s ]
INFO: [ view_parse ] --START--
INFO: [ template_filter ] --START--
INFO: Run Behavior\ContentReplaceBehavior [ RunTime:0.000756s ]
INFO: [ template_filter ] --END-- [ RunTime:0.002500s ]
INFO: Run Behavior\ParseTemplateBehavior [ RunTime:0.025748s ]
INFO: [ view_parse ] --END-- [ RunTime:0.027506s ]
INFO: [ view_filter ] --START--
INFO: Run Behavior\WriteHtmlCacheBehavior [ RunTime:0.001315s ]
INFO: [ view_filter ] --END-- [ RunTime:0.003001s ]
INFO: [ app_end ] --START--
INFO: Run Behavior\ShowPageTraceBehavior [ RunTime:0.001551s ]
INFO: [ app_end ] --END-- [ RunTime:0.003269s ]

[ 2017-02-18T11:01:12+08:00 ] ::1 /ComicWeb/admin.php/Home/Login/verify
INFO: [ app_init ] --START--
INFO: Run Behavior\BuildLiteBehavior [ RunTime:0.000313s ]
INFO: [ app_init ] --END-- [ RunTime:0.002563s ]
INFO: [ app_begin ] --START--
INFO: Run Behavior\ReadHtmlCacheBehavior [ RunTime:0.001572s ]
INFO: [ app_begin ] --END-- [ RunTime:0.003352s ]
INFO: [ app_end ] --START--
INFO: Run Behavior\ShowPageTraceBehavior [ RunTime:0.001611s ]
INFO: [ app_end ] --END-- [ RunTime:0.003405s ]

[ 2017-02-18T11:01:18+08:00 ] ::1 /ComicWeb/admin.php/Home/Login/check
INFO: [ app_init ] --START--
INFO: Run Behavior\BuildLiteBehavior [ RunTime:0.000403s ]
INFO: [ app_init ] --END-- [ RunTime:0.003227s ]
INFO: [ app_begin ] --START--
INFO: Run Behavior\ReadHtmlCacheBehavior [ RunTime:0.001401s ]
INFO: [ app_begin ] --END-- [ RunTime:0.003283s ]
SQL: SHOW COLUMNS FROM `user` [ RunTime:0.0042s ]
INFO: [ view_parse ] --START--
INFO: [ template_filter ] --START--
INFO: Run Behavior\ContentReplaceBehavior [ RunTime:0.000805s ]
INFO: [ template_filter ] --END-- [ RunTime:0.003307s ]
INFO: Run Behavior\ParseTemplateBehavior [ RunTime:0.032775s ]
INFO: [ view_parse ] --END-- [ RunTime:0.035135s ]
INFO: [ view_filter ] --START--
INFO: Run Behavior\WriteHtmlCacheBehavior [ RunTime:0.001361s ]
INFO: [ view_filter ] --END-- [ RunTime:0.003133s ]

[ 2017-02-18T11:01:22+08:00 ] ::1 /ComicWeb/admin.php/Home/Login/verify
INFO: [ app_init ] --START--
INFO: Run Behavior\BuildLiteBehavior [ RunTime:0.000329s ]
INFO: [ app_init ] --END-- [ RunTime:0.002640s ]
INFO: [ app_begin ] --START--
INFO: Run Behavior\ReadHtmlCacheBehavior [ RunTime:0.001562s ]
INFO: [ app_begin ] --END-- [ RunTime:0.003286s ]
INFO: [ app_end ] --START--
INFO: Run Behavior\ShowPageTraceBehavior [ RunTime:0.001603s ]
INFO: [ app_end ] --END-- [ RunTime:0.003384s ]

[ 2017-02-18T11:01:28+08:00 ] ::1 /ComicWeb/admin.php/Home/Login/check
INFO: [ app_init ] --START--
INFO: Run Behavior\BuildLiteBehavior [ RunTime:0.000333s ]
INFO: [ app_init ] --END-- [ RunTime:0.002673s ]
INFO: [ app_begin ] --START--
INFO: Run Behavior\ReadHtmlCacheBehavior [ RunTime:0.001508s ]
INFO: [ app_begin ] --END-- [ RunTime:0.003354s ]
SQL: SHOW COLUMNS FROM `user` [ RunTime:0.0042s ]
SQL: SELECT * FROM `user` WHERE ( username='cxx' and password='a91935a014854d444d2d79e6dca6c0dd' and isadmin=1 ) LIMIT 1   [ RunTime:0.0008s ]
INFO: [ view_parse ] --START--
INFO: [ template_filter ] --START--
INFO: Run Behavior\ContentReplaceBehavior [ RunTime:0.000775s ]
INFO: [ template_filter ] --END-- [ RunTime:0.002673s ]
INFO: Run Behavior\ParseTemplateBehavior [ RunTime:0.028423s ]
INFO: [ view_parse ] --END-- [ RunTime:0.030795s ]
INFO: [ view_filter ] --START--
INFO: Run Behavior\WriteHtmlCacheBehavior [ RunTime:0.001379s ]
INFO: [ view_filter ] --END-- [ RunTime:0.003090s ]
INFO: [ app_end ] --START--
INFO: Run Behavior\ShowPageTraceBehavior [ RunTime:0.001806s ]
INFO: [ app_end ] --END-- [ RunTime:0.003656s ]

[ 2017-02-18T11:01:31+08:00 ] ::1 /ComicWeb/admin.php/Home/index/index.html
INFO: [ app_init ] --START--
INFO: Run Behavior\BuildLiteBehavior [ RunTime:0.000337s ]
INFO: [ app_init ] --END-- [ RunTime:0.002732s ]
INFO: [ app_begin ] --START--
INFO: Run Behavior\ReadHtmlCacheBehavior [ RunTime:0.001598s ]
INFO: [ app_begin ] --END-- [ RunTime:0.003438s ]
INFO: [ view_parse ] --START--
INFO: [ template_filter ] --START--
INFO: Run Behavior\ContentReplaceBehavior [ RunTime:0.000948s ]
INFO: [ template_filter ] --END-- [ RunTime:0.002713s ]
NOTIC: [8] Use of undefined constant menu - assumed 'menu' H:\phpEclipseWork\ComicWeb\Admin\Runtime\Cache\Home\55843b8195cd32862e5dfa640df6e51d.php 第 14 行.
NOTIC: [8] Undefined index: menu H:\phpEclipseWork\ComicWeb\Admin\Runtime\Cache\Home\55843b8195cd32862e5dfa640df6e51d.php 第 14 行.
NOTIC: [8] Use of undefined constant menu - assumed 'menu' H:\phpEclipseWork\ComicWeb\Admin\Runtime\Cache\Home\55843b8195cd32862e5dfa640df6e51d.php 第 14 行.
NOTIC: [8] Undefined index: menu H:\phpEclipseWork\ComicWeb\Admin\Runtime\Cache\Home\55843b8195cd32862e5dfa640df6e51d.php 第 14 行.
INFO: Run Behavior\ParseTemplateBehavior [ RunTime:0.067783s ]
INFO: [ view_parse ] --END-- [ RunTime:0.071098s ]
INFO: [ view_filter ] --START--
INFO: Run Behavior\WriteHtmlCacheBehavior [ RunTime:0.001406s ]
INFO: [ view_filter ] --END-- [ RunTime:0.003115s ]
INFO: [ app_end ] --START--
INFO: Run Behavior\ShowPageTraceBehavior [ RunTime:0.001442s ]
INFO: [ app_end ] --END-- [ RunTime:0.003189s ]

[ 2017-02-18T11:01:35+08:00 ] ::1 /ComicWeb/admin.php/Home/Cartoon/add/menu/cartoon
INFO: [ app_init ] --START--
INFO: Run Behavior\BuildLiteBehavior [ RunTime:0.000399s ]
INFO: [ app_init ] --END-- [ RunTime:0.003370s ]
INFO: [ app_begin ] --START--
INFO: Run Behavior\ReadHtmlCacheBehavior [ RunTime:0.001651s ]
INFO: [ app_begin ] --END-- [ RunTime:0.006196s ]
INFO: [ view_parse ] --START--
INFO: [ template_filter ] --START--
INFO: Run Behavior\ContentReplaceBehavior [ RunTime:0.000770s ]
INFO: [ template_filter ] --END-- [ RunTime:0.002507s ]
NOTIC: [8] Use of undefined constant menu - assumed 'menu' H:\phpEclipseWork\ComicWeb\Admin\Runtime\Cache\Home\a603abcd6d0abbb8858d2c1abda4ac93.php 第 14 行.
NOTIC: [8] Use of undefined constant menu - assumed 'menu' H:\phpEclipseWork\ComicWeb\Admin\Runtime\Cache\Home\a603abcd6d0abbb8858d2c1abda4ac93.php 第 14 行.
INFO: Run Behavior\ParseTemplateBehavior [ RunTime:0.032121s ]
INFO: [ view_parse ] --END-- [ RunTime:0.033848s ]
INFO: [ view_filter ] --START--
INFO: Run Behavior\WriteHtmlCacheBehavior [ RunTime:0.001212s ]
INFO: [ view_filter ] --END-- [ RunTime:0.002973s ]
INFO: [ app_end ] --START--
INFO: Run Behavior\ShowPageTraceBehavior [ RunTime:0.001485s ]
INFO: [ app_end ] --END-- [ RunTime:0.003259s ]

[ 2017-02-18T12:48:50+08:00 ] 127.0.0.1 /ComicWeb/admin.php/Home/login.
INFO: [ app_init ] --START--
INFO: Run Behavior\BuildLiteBehavior [ RunTime:0.000343s ]
INFO: [ app_init ] --END-- [ RunTime:0.003036s ]
INFO: [ app_begin ] --START--
INFO: Run Behavior\ReadHtmlCacheBehavior [ RunTime:0.001787s ]
INFO: [ app_begin ] --END-- [ RunTime:0.003667s ]
INFO: [ view_parse ] --START--
INFO: [ template_filter ] --START--
INFO: Run Behavior\ContentReplaceBehavior [ RunTime:0.000881s ]
INFO: [ template_filter ] --END-- [ RunTime:0.002775s ]
INFO: Run Behavior\ParseTemplateBehavior [ RunTime:0.027858s ]
INFO: [ view_parse ] --END-- [ RunTime:0.029929s ]
INFO: [ view_filter ] --START--
INFO: Run Behavior\WriteHtmlCacheBehavior [ RunTime:0.001416s ]
INFO: [ view_filter ] --END-- [ RunTime:0.003358s ]
INFO: [ app_end ] --START--
INFO: Run Behavior\ShowPageTraceBehavior [ RunTime:0.001732s ]
INFO: [ app_end ] --END-- [ RunTime:0.003629s ]

[ 2017-02-18T12:48:51+08:00 ] 127.0.0.1 /ComicWeb/admin.php/Home/Public/bs/css/bootstrap.min.css
INFO: [ app_init ] --START--
INFO: Run Behavior\BuildLiteBehavior [ RunTime:0.000345s ]
INFO: [ app_init ] --END-- [ RunTime:0.002888s ]
INFO: [ app_begin ] --START--
INFO: Run Behavior\ReadHtmlCacheBehavior [ RunTime:0.001655s ]
INFO: [ app_begin ] --END-- [ RunTime:0.003525s ]
ERR: 无法加载控制器:Public

[ 2017-02-18T12:48:51+08:00 ] 127.0.0.1 /ComicWeb/admin.php/Home/login./Home/Login/verify
INFO: [ app_init ] --START--
INFO: Run Behavior\BuildLiteBehavior [ RunTime:0.000340s ]
INFO: [ app_init ] --END-- [ RunTime:0.002828s ]
INFO: [ app_begin ] --START--
INFO: Run Behavior\ReadHtmlCacheBehavior [ RunTime:0.001819s ]
INFO: [ app_begin ] --END-- [ RunTime:0.003975s ]
ERR: 非法操作:Home

[ 2017-02-18T12:48:51+08:00 ] 127.0.0.1 /ComicWeb/admin.php/Home/Public/bs/js/holder.min.js
INFO: [ app_init ] --START--
INFO: Run Behavior\BuildLiteBehavior [ RunTime:0.000603s ]
INFO: [ app_init ] --END-- [ RunTime:0.004998s ]
INFO: [ app_begin ] --START--
INFO: Run Behavior\ReadHtmlCacheBehavior [ RunTime:0.003254s ]
INFO: [ app_begin ] --END-- [ RunTime:0.008344s ]
ERR: 无法加载控制器:Public

[ 2017-02-18T12:48:51+08:00 ] 127.0.0.1 /ComicWeb/admin.php/Home/Public/bs/js/jquery.js
INFO: [ app_init ] --START--
INFO: Run Behavior\BuildLiteBehavior [ RunTime:0.000584s ]
INFO: [ app_init ] --END-- [ RunTime:0.004690s ]
INFO: [ app_begin ] --START--
INFO: Run Behavior\ReadHtmlCacheBehavior [ RunTime:0.008082s ]
INFO: [ app_begin ] --END-- [ RunTime:0.012235s ]
ERR: 无法加载控制器:Public

[ 2017-02-18T12:48:51+08:00 ] 127.0.0.1 /ComicWeb/admin.php/Home/Public/bs/js/bootstrap.min.js
INFO: [ app_init ] --START--
INFO: Run Behavior\BuildLiteBehavior [ RunTime:0.000604s ]
INFO: [ app_init ] --END-- [ RunTime:0.004736s ]
INFO: [ app_begin ] --START--
INFO: Run Behavior\ReadHtmlCacheBehavior [ RunTime:0.003249s ]
INFO: [ app_begin ] --END-- [ RunTime:0.006437s ]
ERR: 无法加载控制器:Public

[ 2017-02-18T12:48:51+08:00 ] 127.0.0.1 /ComicWeb/admin.php/Home/Admin/Home/View/Public/css/index.css
INFO: [ app_init ] --START--
INFO: Run Behavior\BuildLiteBehavior [ RunTime:0.000594s ]
INFO: [ app_init ] --END-- [ RunTime:0.004696s ]
INFO: [ app_begin ] --START--
INFO: Run Behavior\ReadHtmlCacheBehavior [ RunTime:0.002684s ]
INFO: [ app_begin ] --END-- [ RunTime:0.006681s ]
ERR: 无法加载控制器:Admin

[ 2017-02-18T12:48:51+08:00 ] 127.0.0.1 /ComicWeb/admin.php/Home/login./Home/Login/verify
INFO: [ app_init ] --START--
INFO: Run Behavior\BuildLiteBehavior [ RunTime:0.000354s ]
INFO: [ app_init ] --END-- [ RunTime:0.002940s ]
INFO: [ app_begin ] --START--
INFO: Run Behavior\ReadHtmlCacheBehavior [ RunTime:0.001605s ]
INFO: [ app_begin ] --END-- [ RunTime:0.003624s ]
ERR: 非法操作:Home

[ 2017-02-18T12:48:55+08:00 ] 127.0.0.1 /ComicWeb/admin.php/Home/login
INFO: [ app_init ] --START--
INFO: Run Behavior\BuildLiteBehavior [ RunTime:0.000341s ]
INFO: [ app_init ] --END-- [ RunTime:0.002788s ]
INFO: [ app_begin ] --START--
INFO: Run Behavior\ReadHtmlCacheBehavior [ RunTime:0.001536s ]
INFO: [ app_begin ] --END-- [ RunTime:0.003408s ]
INFO: [ view_parse ] --START--
INFO: [ template_filter ] --START--
INFO: Run Behavior\ContentReplaceBehavior [ RunTime:0.000849s ]
INFO: [ template_filter ] --END-- [ RunTime:0.002770s ]
INFO: Run Behavior\ParseTemplateBehavior [ RunTime:0.026434s ]
INFO: [ view_parse ] --END-- [ RunTime:0.028408s ]
INFO: [ view_filter ] --START--
INFO: Run Behavior\WriteHtmlCacheBehavior [ RunTime:0.001480s ]
INFO: [ view_filter ] --END-- [ RunTime:0.003424s ]
INFO: [ app_end ] --START--
INFO: Run Behavior\ShowPageTraceBehavior [ RunTime:0.001674s ]
INFO: [ app_end ] --END-- [ RunTime:0.003500s ]

[ 2017-02-18T12:48:55+08:00 ] 127.0.0.1 /ComicWeb/admin.php/Home/Login/verify
INFO: [ app_init ] --START--
INFO: Run Behavior\BuildLiteBehavior [ RunTime:0.001559s ]
INFO: [ app_init ] --END-- [ RunTime:0.009060s ]
INFO: [ app_begin ] --START--
INFO: Run Behavior\ReadHtmlCacheBehavior [ RunTime:0.002631s ]
INFO: [ app_begin ] --END-- [ RunTime:0.005367s ]
INFO: [ app_end ] --START--
INFO: Run Behavior\ShowPageTraceBehavior [ RunTime:0.001940s ]
INFO: [ app_end ] --END-- [ RunTime:0.003949s ]

[ 2017-02-18T12:49:04+08:00 ] 127.0.0.1 /ComicWeb/admin.php/Home/login/verify?0.5178654649236261
INFO: [ app_init ] --START--
INFO: Run Behavior\BuildLiteBehavior [ RunTime:0.000385s ]
INFO: [ app_init ] --END-- [ RunTime:0.002971s ]
INFO: [ app_begin ] --START--
INFO: Run Behavior\ReadHtmlCacheBehavior [ RunTime:0.002006s ]
INFO: [ app_begin ] --END-- [ RunTime:0.004010s ]
INFO: [ app_end ] --START--
INFO: Run Behavior\ShowPageTraceBehavior [ RunTime:0.002006s ]
INFO: [ app_end ] --END-- [ RunTime:0.004145s ]

[ 2017-02-18T12:49:08+08:00 ] 127.0.0.1 /ComicWeb/admin.php/Home/Login/check
INFO: [ app_init ] --START--
INFO: Run Behavior\BuildLiteBehavior [ RunTime:0.000861s ]
INFO: [ app_init ] --END-- [ RunTime:0.007466s ]
INFO: [ app_begin ] --START--
INFO: Run Behavior\ReadHtmlCacheBehavior [ RunTime:0.001464s ]
INFO: [ app_begin ] --END-- [ RunTime:0.003653s ]
SQL: SHOW COLUMNS FROM `user` [ RunTime:0.0042s ]
INFO: [ view_parse ] --START--
INFO: [ template_filter ] --START--
INFO: Run Behavior\ContentReplaceBehavior [ RunTime:0.000819s ]
INFO: [ template_filter ] --END-- [ RunTime:0.002846s ]
INFO: Run Behavior\ParseTemplateBehavior [ RunTime:0.030846s ]
INFO: [ view_parse ] --END-- [ RunTime:0.032797s ]
INFO: [ view_filter ] --START--
INFO: Run Behavior\WriteHtmlCacheBehavior [ RunTime:0.001384s ]
INFO: [ view_filter ] --END-- [ RunTime:0.003239s ]

[ 2017-02-18T12:57:00+08:00 ] 127.0.0.1 /ComicWeb/admin.php/Home/login
INFO: [ app_init ] --START--
INFO: Run Behavior\BuildLiteBehavior [ RunTime:0.000348s ]
INFO: [ app_init ] --END-- [ RunTime:0.003658s ]
INFO: [ app_begin ] --START--
INFO: Run Behavior\ReadHtmlCacheBehavior [ RunTime:0.001919s ]
INFO: [ app_begin ] --END-- [ RunTime:0.003980s ]
INFO: [ view_parse ] --START--
INFO: [ template_filter ] --START--
INFO: Run Behavior\ContentReplaceBehavior [ RunTime:0.000845s ]
INFO: [ template_filter ] --END-- [ RunTime:0.003565s ]
INFO: Run Behavior\ParseTemplateBehavior [ RunTime:0.034211s ]
INFO: [ view_parse ] --END-- [ RunTime:0.036146s ]
INFO: [ view_filter ] --START--
INFO: Run Behavior\WriteHtmlCacheBehavior [ RunTime:0.001453s ]
INFO: [ view_filter ] --END-- [ RunTime:0.003309s ]
INFO: [ app_end ] --START--
INFO: Run Behavior\ShowPageTraceBehavior [ RunTime:0.001749s ]
INFO: [ app_end ] --END-- [ RunTime:0.003728s ]

[ 2017-02-18T12:57:01+08:00 ] 127.0.0.1 /ComicWeb/admin.php/Home/Login/verify
INFO: [ app_init ] --START--
INFO: Run Behavior\BuildLiteBehavior [ RunTime:0.000469s ]
INFO: [ app_init ] --END-- [ RunTime:0.004743s ]
INFO: [ app_begin ] --START--
INFO: Run Behavior\ReadHtmlCacheBehavior [ RunTime:0.002095s ]
INFO: [ app_begin ] --END-- [ RunTime:0.004599s ]
INFO: [ app_end ] --START--
INFO: Run Behavior\ShowPageTraceBehavior [ RunTime:0.002677s ]
INFO: [ app_end ] --END-- [ RunTime:0.005369s ]

[ 2017-02-18T15:23:09+08:00 ] 127.0.0.1 /ComicWeb/admin.php/Home/login
INFO: [ app_init ] --START--
INFO: Run Behavior\BuildLiteBehavior [ RunTime:0.000351s ]
INFO: [ app_init ] --END-- [ RunTime:0.003133s ]
INFO: [ app_begin ] --START--
INFO: Run Behavior\ReadHtmlCacheBehavior [ RunTime:0.001786s ]
INFO: [ app_begin ] --END-- [ RunTime:0.003986s ]
INFO: [ view_parse ] --START--
INFO: [ template_filter ] --START--
INFO: Run Behavior\ContentReplaceBehavior [ RunTime:0.000835s ]
INFO: [ template_filter ] --END-- [ RunTime:0.002757s ]
INFO: Run Behavior\ParseTemplateBehavior [ RunTime:0.026762s ]
INFO: [ view_parse ] --END-- [ RunTime:0.028852s ]
INFO: [ view_filter ] --START--
INFO: Run Behavior\WriteHtmlCacheBehavior [ RunTime:0.001476s ]
INFO: [ view_filter ] --END-- [ RunTime:0.003854s ]
INFO: [ app_end ] --START--
INFO: Run Behavior\ShowPageTraceBehavior [ RunTime:0.001658s ]
INFO: [ app_end ] --END-- [ RunTime:0.003548s ]

