[ 2017-02-17T00:02:15+08:00 ] ::1 /ComicWeb/admin.php/Home/index/index.html
INFO: [ app_init ] --START--
INFO: Run Behavior\BuildLiteBehavior [ RunTime:0.000344s ]
INFO: [ app_init ] --END-- [ RunTime:0.003002s ]
INFO: [ app_begin ] --START--
INFO: Run Behavior\ReadHtmlCacheBehavior [ RunTime:0.001815s ]
INFO: [ app_begin ] --END-- [ RunTime:0.004337s ]
INFO: [ view_parse ] --START--
INFO: [ template_filter ] --START--
INFO: Run Behavior\ContentReplaceBehavior [ RunTime:0.000812s ]
INFO: [ template_filter ] --END-- [ RunTime:0.002720s ]
NOTIC: [8] Use of undefined constant menu - assumed 'menu' H:\phpEclipseWork\ComicWeb\Admin\Runtime\Cache\Home\55843b8195cd32862e5dfa640df6e51d.php 第 14 行.
NOTIC: [8] Undefined index: menu H:\phpEclipseWork\ComicWeb\Admin\Runtime\Cache\Home\55843b8195cd32862e5dfa640df6e51d.php 第 14 行.
NOTIC: [8] Use of undefined constant menu - assumed 'menu' H:\phpEclipseWork\ComicWeb\Admin\Runtime\Cache\Home\55843b8195cd32862e5dfa640df6e51d.php 第 14 行.
NOTIC: [8] Undefined index: menu H:\phpEclipseWork\ComicWeb\Admin\Runtime\Cache\Home\55843b8195cd32862e5dfa640df6e51d.php 第 14 行.
INFO: Run Behavior\ParseTemplateBehavior [ RunTime:0.034713s ]
INFO: [ view_parse ] --END-- [ RunTime:0.039418s ]
INFO: [ view_filter ] --START--
INFO: Run Behavior\WriteHtmlCacheBehavior [ RunTime:0.001608s ]
INFO: [ view_filter ] --END-- [ RunTime:0.003655s ]
INFO: [ app_end ] --START--
INFO: Run Behavior\ShowPageTraceBehavior [ RunTime:0.002068s ]
INFO: [ app_end ] --END-- [ RunTime:0.005014s ]

