[ 2017-02-06T22:40:52+08:00 ] ::1 /WebTest/admin.php
INFO: [ app_init ] --START--
INFO: Run Behavior\BuildLiteBehavior [ RunTime:0.000337s ]
INFO: [ app_init ] --END-- [ RunTime:0.002301s ]
INFO: [ app_begin ] --START--
INFO: Run Behavior\ReadHtmlCacheBehavior [ RunTime:0.001937s ]
INFO: [ app_begin ] --END-- [ RunTime:0.004200s ]
NOTIC: [2] session_start(): open(\xampp\tmp\sess_0hptnvnj936sr993holhnk6un1, O_RDWR) failed: No such file or directory (2) H:\phpEclipseWork\webTest\ThinkPHP\Common\functions.php 第 1263 行.
INFO: [ view_parse ] --START--
INFO: [ template_filter ] --START--
INFO: Run Behavior\ContentReplaceBehavior [ RunTime:0.000818s ]
INFO: [ template_filter ] --END-- [ RunTime:0.003062s ]
INFO: Run Behavior\ParseTemplateBehavior [ RunTime:0.028846s ]
INFO: [ view_parse ] --END-- [ RunTime:0.031504s ]
INFO: [ view_filter ] --START--
INFO: Run Behavior\WriteHtmlCacheBehavior [ RunTime:0.001732s ]
INFO: [ view_filter ] --END-- [ RunTime:0.003654s ]
INFO: [ app_end ] --START--
INFO: Run Behavior\ShowPageTraceBehavior [ RunTime:0.001712s ]
INFO: [ app_end ] --END-- [ RunTime:0.003595s ]

[ 2017-02-06T23:19:00+08:00 ] ::1 /WebTest/admin.php
INFO: [ app_init ] --START--
INFO: Run Behavior\BuildLiteBehavior [ RunTime:0.000335s ]
INFO: [ app_init ] --END-- [ RunTime:0.002740s ]
INFO: [ app_begin ] --START--
INFO: Run Behavior\ReadHtmlCacheBehavior [ RunTime:0.001899s ]
INFO: [ app_begin ] --END-- [ RunTime:0.003856s ]
NOTIC: [2] session_start(): open(\xampp\tmp\sess_0hptnvnj936sr993holhnk6un1, O_RDWR) failed: No such file or directory (2) H:\phpEclipseWork\webTest\ThinkPHP\Common\functions.php 第 1263 行.
INFO: [ view_parse ] --START--
INFO: Run Behavior\ParseTemplateBehavior [ RunTime:0.003017s ]
INFO: [ view_parse ] --END-- [ RunTime:0.004884s ]
INFO: [ view_filter ] --START--
INFO: Run Behavior\WriteHtmlCacheBehavior [ RunTime:0.001421s ]
INFO: [ view_filter ] --END-- [ RunTime:0.003272s ]
INFO: [ app_end ] --START--
INFO: Run Behavior\ShowPageTraceBehavior [ RunTime:0.001948s ]
INFO: [ app_end ] --END-- [ RunTime:0.003813s ]

