[ 2017-02-08T11:02:49+08:00 ] ::1 /ComicWeb/admin.php/Home/index/index
INFO: [ app_init ] --START--
INFO: Run Behavior\BuildLiteBehavior [ RunTime:0.000613s ]
INFO: [ app_init ] --END-- [ RunTime:0.003829s ]
INFO: [ app_begin ] --START--
INFO: Run Behavior\ReadHtmlCacheBehavior [ RunTime:0.001923s ]
INFO: [ app_begin ] --END-- [ RunTime:0.003872s ]
NOTIC: [2] session_start(): open(\xampp\tmp\sess_0hptnvnj936sr993holhnk6un1, O_RDWR) failed: No such file or directory (2) H:\phpEclipseWork\ComicWeb\ThinkPHP\Common\functions.php 第 1263 行.
INFO: [ view_parse ] --START--
INFO: Run Behavior\ParseTemplateBehavior [ RunTime:0.003909s ]
INFO: [ view_parse ] --END-- [ RunTime:0.006500s ]
INFO: [ view_filter ] --START--
INFO: Run Behavior\WriteHtmlCacheBehavior [ RunTime:0.002074s ]
INFO: [ view_filter ] --END-- [ RunTime:0.003903s ]
INFO: [ app_end ] --START--
INFO: Run Behavior\ShowPageTraceBehavior [ RunTime:0.002079s ]
INFO: [ app_end ] --END-- [ RunTime:0.003924s ]

[ 2017-02-08T11:12:28+08:00 ] ::1 /ComicWeb/admin.php/Home/index/index
INFO: [ app_init ] --START--
INFO: Run Behavior\BuildLiteBehavior [ RunTime:0.000336s ]
INFO: [ app_init ] --END-- [ RunTime:0.002843s ]
INFO: [ app_begin ] --START--
INFO: Run Behavior\ReadHtmlCacheBehavior [ RunTime:0.001908s ]
INFO: [ app_begin ] --END-- [ RunTime:0.003777s ]
NOTIC: [2] session_start(): open(\xampp\tmp\sess_0hptnvnj936sr993holhnk6un1, O_RDWR) failed: No such file or directory (2) H:\phpEclipseWork\ComicWeb\ThinkPHP\Common\functions.php 第 1263 行.
INFO: [ view_parse ] --START--
INFO: Run Behavior\ParseTemplateBehavior [ RunTime:0.003604s ]
INFO: [ view_parse ] --END-- [ RunTime:0.005702s ]
INFO: [ view_filter ] --START--
INFO: Run Behavior\WriteHtmlCacheBehavior [ RunTime:0.002306s ]
INFO: [ view_filter ] --END-- [ RunTime:0.004168s ]
INFO: [ app_end ] --START--
INFO: Run Behavior\ShowPageTraceBehavior [ RunTime:0.002066s ]
INFO: [ app_end ] --END-- [ RunTime:0.003903s ]

