[ 2017-02-10T14:47:55+08:00 ] ::1 /ComicWeb/admin.php/Home/Index/index/menu/cartoon
INFO: [ app_init ] --START--
INFO: Run Behavior\BuildLiteBehavior [ RunTime:0.000377s ]
INFO: [ app_init ] --END-- [ RunTime:0.003048s ]
INFO: [ app_begin ] --START--
INFO: Run Behavior\ReadHtmlCacheBehavior [ RunTime:0.002569s ]
INFO: [ app_begin ] --END-- [ RunTime:0.004600s ]
NOTIC: [2] session_start(): open(\xampp\tmp\sess_0hptnvnj936sr993holhnk6un1, O_RDWR) failed: No such file or directory (2) H:\phpEclipseWork\ComicWeb\ThinkPHP\Common\functions.php 第 1263 行.
INFO: [ view_parse ] --START--
INFO: [ template_filter ] --START--
INFO: Run Behavior\ContentReplaceBehavior [ RunTime:0.000837s ]
INFO: [ template_filter ] --END-- [ RunTime:0.002765s ]
NOTIC: [8] Use of undefined constant menu - assumed 'menu' H:\phpEclipseWork\ComicWeb\Admin\Runtime\Cache\Home\55843b8195cd32862e5dfa640df6e51d.php 第 13 行.
NOTIC: [8] Use of undefined constant menu - assumed 'menu' H:\phpEclipseWork\ComicWeb\Admin\Runtime\Cache\Home\55843b8195cd32862e5dfa640df6e51d.php 第 13 行.
INFO: Run Behavior\ParseTemplateBehavior [ RunTime:0.037056s ]
INFO: [ view_parse ] --END-- [ RunTime:0.039050s ]
INFO: [ view_filter ] --START--
INFO: Run Behavior\WriteHtmlCacheBehavior [ RunTime:0.001646s ]
INFO: [ view_filter ] --END-- [ RunTime:0.005284s ]
INFO: [ app_end ] --START--
INFO: Run Behavior\ShowPageTraceBehavior [ RunTime:0.002294s ]
INFO: [ app_end ] --END-- [ RunTime:0.004726s ]

[ 2017-02-10T14:48:01+08:00 ] ::1 /ComicWeb/admin.php/Home/Index/index/menu/cartoon
INFO: [ app_init ] --START--
INFO: Run Behavior\BuildLiteBehavior [ RunTime:0.000352s ]
INFO: [ app_init ] --END-- [ RunTime:0.002969s ]
INFO: [ app_begin ] --START--
INFO: Run Behavior\ReadHtmlCacheBehavior [ RunTime:0.001744s ]
INFO: [ app_begin ] --END-- [ RunTime:0.003658s ]
NOTIC: [2] session_start(): open(\xampp\tmp\sess_0hptnvnj936sr993holhnk6un1, O_RDWR) failed: No such file or directory (2) H:\phpEclipseWork\ComicWeb\ThinkPHP\Common\functions.php 第 1263 行.
INFO: [ view_parse ] --START--
INFO: [ template_filter ] --START--
INFO: Run Behavior\ContentReplaceBehavior [ RunTime:0.001008s ]
INFO: [ template_filter ] --END-- [ RunTime:0.003414s ]
NOTIC: [8] Use of undefined constant menu - assumed 'menu' H:\phpEclipseWork\ComicWeb\Admin\Runtime\Cache\Home\55843b8195cd32862e5dfa640df6e51d.php 第 13 行.
NOTIC: [8] Use of undefined constant menu - assumed 'menu' H:\phpEclipseWork\ComicWeb\Admin\Runtime\Cache\Home\55843b8195cd32862e5dfa640df6e51d.php 第 13 行.
INFO: Run Behavior\ParseTemplateBehavior [ RunTime:0.032430s ]
INFO: [ view_parse ] --END-- [ RunTime:0.034392s ]
INFO: [ view_filter ] --START--
INFO: Run Behavior\WriteHtmlCacheBehavior [ RunTime:0.001854s ]
INFO: [ view_filter ] --END-- [ RunTime:0.004029s ]
INFO: [ app_end ] --START--
INFO: Run Behavior\ShowPageTraceBehavior [ RunTime:0.001814s ]
INFO: [ app_end ] --END-- [ RunTime:0.003840s ]

[ 2017-02-10T14:49:11+08:00 ] ::1 /ComicWeb/admin.php/Home/Index/index/menu/cartoon
INFO: [ app_init ] --START--
INFO: Run Behavior\BuildLiteBehavior [ RunTime:0.000348s ]
INFO: [ app_init ] --END-- [ RunTime:0.002917s ]
INFO: [ app_begin ] --START--
INFO: Run Behavior\ReadHtmlCacheBehavior [ RunTime:0.002485s ]
INFO: [ app_begin ] --END-- [ RunTime:0.004955s ]
NOTIC: [2] session_start(): open(\xampp\tmp\sess_0hptnvnj936sr993holhnk6un1, O_RDWR) failed: No such file or directory (2) H:\phpEclipseWork\ComicWeb\ThinkPHP\Common\functions.php 第 1263 行.
INFO: [ view_parse ] --START--
INFO: [ template_filter ] --START--
INFO: Run Behavior\ContentReplaceBehavior [ RunTime:0.001256s ]
INFO: [ template_filter ] --END-- [ RunTime:0.003564s ]
NOTIC: [8] Use of undefined constant menu - assumed 'menu' H:\phpEclipseWork\ComicWeb\Admin\Runtime\Cache\Home\55843b8195cd32862e5dfa640df6e51d.php 第 13 行.
NOTIC: [8] Use of undefined constant menu - assumed 'menu' H:\phpEclipseWork\ComicWeb\Admin\Runtime\Cache\Home\55843b8195cd32862e5dfa640df6e51d.php 第 13 行.
INFO: Run Behavior\ParseTemplateBehavior [ RunTime:0.031955s ]
INFO: [ view_parse ] --END-- [ RunTime:0.033896s ]
INFO: [ view_filter ] --START--
INFO: Run Behavior\WriteHtmlCacheBehavior [ RunTime:0.001343s ]
INFO: [ view_filter ] --END-- [ RunTime:0.003171s ]
INFO: [ app_end ] --START--
INFO: Run Behavior\ShowPageTraceBehavior [ RunTime:0.002328s ]
INFO: [ app_end ] --END-- [ RunTime:0.004721s ]

[ 2017-02-10T14:51:17+08:00 ] ::1 /ComicWeb/admin.php/Home/Index/index/menu/cartoon
INFO: [ app_init ] --START--
INFO: Run Behavior\BuildLiteBehavior [ RunTime:0.000349s ]
INFO: [ app_init ] --END-- [ RunTime:0.002846s ]
INFO: [ app_begin ] --START--
INFO: Run Behavior\ReadHtmlCacheBehavior [ RunTime:0.002564s ]
INFO: [ app_begin ] --END-- [ RunTime:0.005981s ]
NOTIC: [2] session_start(): open(\xampp\tmp\sess_0hptnvnj936sr993holhnk6un1, O_RDWR) failed: No such file or directory (2) H:\phpEclipseWork\ComicWeb\ThinkPHP\Common\functions.php 第 1263 行.
INFO: [ view_parse ] --START--
INFO: [ template_filter ] --START--
INFO: Run Behavior\ContentReplaceBehavior [ RunTime:0.000806s ]
INFO: [ template_filter ] --END-- [ RunTime:0.002693s ]
NOTIC: [8] Use of undefined constant menu - assumed 'menu' H:\phpEclipseWork\ComicWeb\Admin\Runtime\Cache\Home\55843b8195cd32862e5dfa640df6e51d.php 第 13 行.
NOTIC: [8] Use of undefined constant menu - assumed 'menu' H:\phpEclipseWork\ComicWeb\Admin\Runtime\Cache\Home\55843b8195cd32862e5dfa640df6e51d.php 第 13 行.
INFO: Run Behavior\ParseTemplateBehavior [ RunTime:0.033025s ]
INFO: [ view_parse ] --END-- [ RunTime:0.035044s ]
INFO: [ view_filter ] --START--
INFO: Run Behavior\WriteHtmlCacheBehavior [ RunTime:0.002021s ]
INFO: [ view_filter ] --END-- [ RunTime:0.004622s ]
INFO: [ app_end ] --START--
INFO: Run Behavior\ShowPageTraceBehavior [ RunTime:0.001680s ]
INFO: [ app_end ] --END-- [ RunTime:0.003517s ]

[ 2017-02-10T14:51:22+08:00 ] ::1 /ComicWeb/admin.php/Home/Index/index/menu/user
INFO: [ app_init ] --START--
INFO: Run Behavior\BuildLiteBehavior [ RunTime:0.000387s ]
INFO: [ app_init ] --END-- [ RunTime:0.003425s ]
INFO: [ app_begin ] --START--
INFO: Run Behavior\ReadHtmlCacheBehavior [ RunTime:0.001650s ]
INFO: [ app_begin ] --END-- [ RunTime:0.003510s ]
NOTIC: [2] session_start(): open(\xampp\tmp\sess_0hptnvnj936sr993holhnk6un1, O_RDWR) failed: No such file or directory (2) H:\phpEclipseWork\ComicWeb\ThinkPHP\Common\functions.php 第 1263 行.
INFO: [ view_parse ] --START--
INFO: [ template_filter ] --START--
INFO: Run Behavior\ContentReplaceBehavior [ RunTime:0.000813s ]
INFO: [ template_filter ] --END-- [ RunTime:0.002771s ]
NOTIC: [8] Use of undefined constant menu - assumed 'menu' H:\phpEclipseWork\ComicWeb\Admin\Runtime\Cache\Home\55843b8195cd32862e5dfa640df6e51d.php 第 13 行.
NOTIC: [8] Use of undefined constant menu - assumed 'menu' H:\phpEclipseWork\ComicWeb\Admin\Runtime\Cache\Home\55843b8195cd32862e5dfa640df6e51d.php 第 13 行.
INFO: Run Behavior\ParseTemplateBehavior [ RunTime:0.031638s ]
INFO: [ view_parse ] --END-- [ RunTime:0.033763s ]
INFO: [ view_filter ] --START--
INFO: Run Behavior\WriteHtmlCacheBehavior [ RunTime:0.001710s ]
INFO: [ view_filter ] --END-- [ RunTime:0.003605s ]
INFO: [ app_end ] --START--
INFO: Run Behavior\ShowPageTraceBehavior [ RunTime:0.001674s ]
INFO: [ app_end ] --END-- [ RunTime:0.003613s ]

[ 2017-02-10T14:51:27+08:00 ] ::1 /ComicWeb/admin.php/Home/Index/index/menu/cartoon
INFO: [ app_init ] --START--
INFO: Run Behavior\BuildLiteBehavior [ RunTime:0.000558s ]
INFO: [ app_init ] --END-- [ RunTime:0.003202s ]
INFO: [ app_begin ] --START--
INFO: Run Behavior\ReadHtmlCacheBehavior [ RunTime:0.001642s ]
INFO: [ app_begin ] --END-- [ RunTime:0.003702s ]
NOTIC: [2] session_start(): open(\xampp\tmp\sess_0hptnvnj936sr993holhnk6un1, O_RDWR) failed: No such file or directory (2) H:\phpEclipseWork\ComicWeb\ThinkPHP\Common\functions.php 第 1263 行.
INFO: [ view_parse ] --START--
INFO: [ template_filter ] --START--
INFO: Run Behavior\ContentReplaceBehavior [ RunTime:0.000814s ]
INFO: [ template_filter ] --END-- [ RunTime:0.002779s ]
NOTIC: [8] Use of undefined constant menu - assumed 'menu' H:\phpEclipseWork\ComicWeb\Admin\Runtime\Cache\Home\55843b8195cd32862e5dfa640df6e51d.php 第 13 行.
NOTIC: [8] Use of undefined constant menu - assumed 'menu' H:\phpEclipseWork\ComicWeb\Admin\Runtime\Cache\Home\55843b8195cd32862e5dfa640df6e51d.php 第 13 行.
INFO: Run Behavior\ParseTemplateBehavior [ RunTime:0.031459s ]
INFO: [ view_parse ] --END-- [ RunTime:0.033336s ]
INFO: [ view_filter ] --START--
INFO: Run Behavior\WriteHtmlCacheBehavior [ RunTime:0.001371s ]
INFO: [ view_filter ] --END-- [ RunTime:0.003195s ]
INFO: [ app_end ] --START--
INFO: Run Behavior\ShowPageTraceBehavior [ RunTime:0.001612s ]
INFO: [ app_end ] --END-- [ RunTime:0.003463s ]

[ 2017-02-10T14:52:57+08:00 ] ::1 /ComicWeb/admin.php/Home/index/index
INFO: [ app_init ] --START--
INFO: Run Behavior\BuildLiteBehavior [ RunTime:0.000345s ]
INFO: [ app_init ] --END-- [ RunTime:0.002862s ]
INFO: [ app_begin ] --START--
INFO: Run Behavior\ReadHtmlCacheBehavior [ RunTime:0.001674s ]
INFO: [ app_begin ] --END-- [ RunTime:0.003573s ]
NOTIC: [2] session_start(): open(\xampp\tmp\sess_0hptnvnj936sr993holhnk6un1, O_RDWR) failed: No such file or directory (2) H:\phpEclipseWork\ComicWeb\ThinkPHP\Common\functions.php 第 1263 行.
INFO: [ view_parse ] --START--
INFO: [ template_filter ] --START--
INFO: Run Behavior\ContentReplaceBehavior [ RunTime:0.000871s ]
INFO: [ template_filter ] --END-- [ RunTime:0.003261s ]
NOTIC: [8] Use of undefined constant menu - assumed 'menu' H:\phpEclipseWork\ComicWeb\Admin\Runtime\Cache\Home\55843b8195cd32862e5dfa640df6e51d.php 第 13 行.
NOTIC: [8] Undefined index: menu H:\phpEclipseWork\ComicWeb\Admin\Runtime\Cache\Home\55843b8195cd32862e5dfa640df6e51d.php 第 13 行.
NOTIC: [8] Use of undefined constant menu - assumed 'menu' H:\phpEclipseWork\ComicWeb\Admin\Runtime\Cache\Home\55843b8195cd32862e5dfa640df6e51d.php 第 13 行.
NOTIC: [8] Undefined index: menu H:\phpEclipseWork\ComicWeb\Admin\Runtime\Cache\Home\55843b8195cd32862e5dfa640df6e51d.php 第 13 行.
INFO: Run Behavior\ParseTemplateBehavior [ RunTime:0.037897s ]
INFO: [ view_parse ] --END-- [ RunTime:0.039982s ]
INFO: [ view_filter ] --START--
INFO: Run Behavior\WriteHtmlCacheBehavior [ RunTime:0.001909s ]
INFO: [ view_filter ] --END-- [ RunTime:0.003990s ]
INFO: [ app_end ] --START--
INFO: Run Behavior\ShowPageTraceBehavior [ RunTime:0.001625s ]
INFO: [ app_end ] --END-- [ RunTime:0.004577s ]

[ 2017-02-10T14:53:17+08:00 ] ::1 /ComicWeb/admin.php/Home/index/index
INFO: [ app_init ] --START--
INFO: Run Behavior\BuildLiteBehavior [ RunTime:0.000594s ]
INFO: [ app_init ] --END-- [ RunTime:0.004682s ]
INFO: [ app_begin ] --START--
INFO: Run Behavior\ReadHtmlCacheBehavior [ RunTime:0.002066s ]
INFO: [ app_begin ] --END-- [ RunTime:0.004912s ]
NOTIC: [2] session_start(): open(\xampp\tmp\sess_0hptnvnj936sr993holhnk6un1, O_RDWR) failed: No such file or directory (2) H:\phpEclipseWork\ComicWeb\ThinkPHP\Common\functions.php 第 1263 行.
INFO: [ view_parse ] --START--
INFO: [ template_filter ] --START--
INFO: Run Behavior\ContentReplaceBehavior [ RunTime:0.000800s ]
INFO: [ template_filter ] --END-- [ RunTime:0.002676s ]
NOTIC: [8] Use of undefined constant menu - assumed 'menu' H:\phpEclipseWork\ComicWeb\Admin\Runtime\Cache\Home\55843b8195cd32862e5dfa640df6e51d.php 第 13 行.
NOTIC: [8] Undefined index: menu H:\phpEclipseWork\ComicWeb\Admin\Runtime\Cache\Home\55843b8195cd32862e5dfa640df6e51d.php 第 13 行.
NOTIC: [8] Use of undefined constant menu - assumed 'menu' H:\phpEclipseWork\ComicWeb\Admin\Runtime\Cache\Home\55843b8195cd32862e5dfa640df6e51d.php 第 13 行.
NOTIC: [8] Undefined index: menu H:\phpEclipseWork\ComicWeb\Admin\Runtime\Cache\Home\55843b8195cd32862e5dfa640df6e51d.php 第 13 行.
INFO: Run Behavior\ParseTemplateBehavior [ RunTime:0.033586s ]
INFO: [ view_parse ] --END-- [ RunTime:0.035998s ]
INFO: [ view_filter ] --START--
INFO: Run Behavior\WriteHtmlCacheBehavior [ RunTime:0.001499s ]
INFO: [ view_filter ] --END-- [ RunTime:0.003514s ]
INFO: [ app_end ] --START--
INFO: Run Behavior\ShowPageTraceBehavior [ RunTime:0.001493s ]
INFO: [ app_end ] --END-- [ RunTime:0.003305s ]

[ 2017-02-10T14:53:22+08:00 ] ::1 /ComicWeb/admin.php/Home/Cartoon/add/menu/cartoon
INFO: [ app_init ] --START--
INFO: Run Behavior\BuildLiteBehavior [ RunTime:0.000355s ]
INFO: [ app_init ] --END-- [ RunTime:0.002906s ]
INFO: [ app_begin ] --START--
INFO: Run Behavior\ReadHtmlCacheBehavior [ RunTime:0.001785s ]
INFO: [ app_begin ] --END-- [ RunTime:0.003757s ]
NOTIC: [2] session_start(): open(\xampp\tmp\sess_0hptnvnj936sr993holhnk6un1, O_RDWR) failed: No such file or directory (2) H:\phpEclipseWork\ComicWeb\ThinkPHP\Common\functions.php 第 1263 行.
INFO: [ view_parse ] --START--
INFO: [ template_filter ] --START--
INFO: Run Behavior\ContentReplaceBehavior [ RunTime:0.000819s ]
INFO: [ template_filter ] --END-- [ RunTime:0.002806s ]
NOTIC: [8] Use of undefined constant menu - assumed 'menu' H:\phpEclipseWork\ComicWeb\Admin\Runtime\Cache\Home\a603abcd6d0abbb8858d2c1abda4ac93.php 第 13 行.
NOTIC: [8] Use of undefined constant menu - assumed 'menu' H:\phpEclipseWork\ComicWeb\Admin\Runtime\Cache\Home\a603abcd6d0abbb8858d2c1abda4ac93.php 第 13 行.
INFO: Run Behavior\ParseTemplateBehavior [ RunTime:0.037443s ]
INFO: [ view_parse ] --END-- [ RunTime:0.039485s ]
INFO: [ view_filter ] --START--
INFO: Run Behavior\WriteHtmlCacheBehavior [ RunTime:0.001465s ]
INFO: [ view_filter ] --END-- [ RunTime:0.003376s ]
INFO: [ app_end ] --START--
INFO: Run Behavior\ShowPageTraceBehavior [ RunTime:0.003018s ]
INFO: [ app_end ] --END-- [ RunTime:0.005403s ]

[ 2017-02-10T14:53:36+08:00 ] ::1 /ComicWeb/admin.php/Home/Cartoon/add/menu/cartoon
INFO: [ app_init ] --START--
INFO: Run Behavior\BuildLiteBehavior [ RunTime:0.000562s ]
INFO: [ app_init ] --END-- [ RunTime:0.004333s ]
INFO: [ app_begin ] --START--
INFO: Run Behavior\ReadHtmlCacheBehavior [ RunTime:0.001939s ]
INFO: [ app_begin ] --END-- [ RunTime:0.003843s ]
NOTIC: [2] session_start(): open(\xampp\tmp\sess_0hptnvnj936sr993holhnk6un1, O_RDWR) failed: No such file or directory (2) H:\phpEclipseWork\ComicWeb\ThinkPHP\Common\functions.php 第 1263 行.
INFO: [ view_parse ] --START--
INFO: [ template_filter ] --START--
INFO: Run Behavior\ContentReplaceBehavior [ RunTime:0.000807s ]
INFO: [ template_filter ] --END-- [ RunTime:0.002657s ]
NOTIC: [8] Use of undefined constant menu - assumed 'menu' H:\phpEclipseWork\ComicWeb\Admin\Runtime\Cache\Home\a603abcd6d0abbb8858d2c1abda4ac93.php 第 13 行.
NOTIC: [8] Use of undefined constant menu - assumed 'menu' H:\phpEclipseWork\ComicWeb\Admin\Runtime\Cache\Home\a603abcd6d0abbb8858d2c1abda4ac93.php 第 13 行.
INFO: Run Behavior\ParseTemplateBehavior [ RunTime:0.034871s ]
INFO: [ view_parse ] --END-- [ RunTime:0.036766s ]
INFO: [ view_filter ] --START--
INFO: Run Behavior\WriteHtmlCacheBehavior [ RunTime:0.002154s ]
INFO: [ view_filter ] --END-- [ RunTime:0.004177s ]
INFO: [ app_end ] --START--
INFO: Run Behavior\ShowPageTraceBehavior [ RunTime:0.001766s ]
INFO: [ app_end ] --END-- [ RunTime:0.003601s ]

[ 2017-02-10T14:55:02+08:00 ] ::1 /ComicWeb/admin.php/Home/Cartoon/add/menu/cartoon
INFO: [ app_init ] --START--
INFO: Run Behavior\BuildLiteBehavior [ RunTime:0.000351s ]
INFO: [ app_init ] --END-- [ RunTime:0.002905s ]
INFO: [ app_begin ] --START--
INFO: Run Behavior\ReadHtmlCacheBehavior [ RunTime:0.003584s ]
INFO: [ app_begin ] --END-- [ RunTime:0.006099s ]
NOTIC: [2] session_start(): open(\xampp\tmp\sess_0hptnvnj936sr993holhnk6un1, O_RDWR) failed: No such file or directory (2) H:\phpEclipseWork\ComicWeb\ThinkPHP\Common\functions.php 第 1263 行.
INFO: [ view_parse ] --START--
INFO: [ template_filter ] --START--
INFO: Run Behavior\ContentReplaceBehavior [ RunTime:0.001113s ]
INFO: [ template_filter ] --END-- [ RunTime:0.003369s ]
NOTIC: [8] Use of undefined constant menu - assumed 'menu' H:\phpEclipseWork\ComicWeb\Admin\Runtime\Cache\Home\a603abcd6d0abbb8858d2c1abda4ac93.php 第 13 行.
NOTIC: [8] Use of undefined constant menu - assumed 'menu' H:\phpEclipseWork\ComicWeb\Admin\Runtime\Cache\Home\a603abcd6d0abbb8858d2c1abda4ac93.php 第 13 行.
INFO: Run Behavior\ParseTemplateBehavior [ RunTime:0.038313s ]
INFO: [ view_parse ] --END-- [ RunTime:0.040228s ]
INFO: [ view_filter ] --START--
INFO: Run Behavior\WriteHtmlCacheBehavior [ RunTime:0.001989s ]
INFO: [ view_filter ] --END-- [ RunTime:0.004222s ]
INFO: [ app_end ] --START--
INFO: Run Behavior\ShowPageTraceBehavior [ RunTime:0.002608s ]
INFO: [ app_end ] --END-- [ RunTime:0.005230s ]

[ 2017-02-10T14:55:08+08:00 ] ::1 /ComicWeb/admin.php/Home/index/index
INFO: [ app_init ] --START--
INFO: Run Behavior\BuildLiteBehavior [ RunTime:0.000362s ]
INFO: [ app_init ] --END-- [ RunTime:0.003433s ]
INFO: [ app_begin ] --START--
INFO: Run Behavior\ReadHtmlCacheBehavior [ RunTime:0.001841s ]
INFO: [ app_begin ] --END-- [ RunTime:0.003786s ]
NOTIC: [2] session_start(): open(\xampp\tmp\sess_0hptnvnj936sr993holhnk6un1, O_RDWR) failed: No such file or directory (2) H:\phpEclipseWork\ComicWeb\ThinkPHP\Common\functions.php 第 1263 行.
INFO: [ view_parse ] --START--
INFO: [ template_filter ] --START--
INFO: Run Behavior\ContentReplaceBehavior [ RunTime:0.000801s ]
INFO: [ template_filter ] --END-- [ RunTime:0.002667s ]
NOTIC: [8] Use of undefined constant menu - assumed 'menu' H:\phpEclipseWork\ComicWeb\Admin\Runtime\Cache\Home\55843b8195cd32862e5dfa640df6e51d.php 第 13 行.
NOTIC: [8] Undefined index: menu H:\phpEclipseWork\ComicWeb\Admin\Runtime\Cache\Home\55843b8195cd32862e5dfa640df6e51d.php 第 13 行.
NOTIC: [8] Use of undefined constant menu - assumed 'menu' H:\phpEclipseWork\ComicWeb\Admin\Runtime\Cache\Home\55843b8195cd32862e5dfa640df6e51d.php 第 13 行.
NOTIC: [8] Undefined index: menu H:\phpEclipseWork\ComicWeb\Admin\Runtime\Cache\Home\55843b8195cd32862e5dfa640df6e51d.php 第 13 行.
INFO: Run Behavior\ParseTemplateBehavior [ RunTime:0.032744s ]
INFO: [ view_parse ] --END-- [ RunTime:0.034740s ]
INFO: [ view_filter ] --START--
INFO: Run Behavior\WriteHtmlCacheBehavior [ RunTime:0.001457s ]
INFO: [ view_filter ] --END-- [ RunTime:0.003727s ]
INFO: [ app_end ] --START--
INFO: Run Behavior\ShowPageTraceBehavior [ RunTime:0.001594s ]
INFO: [ app_end ] --END-- [ RunTime:0.003408s ]

[ 2017-02-10T15:30:02+08:00 ] ::1 /ComicWeb/admin.php/Home/index/index
INFO: [ app_init ] --START--
INFO: Run Behavior\BuildLiteBehavior [ RunTime:0.000346s ]
INFO: [ app_init ] --END-- [ RunTime:0.003030s ]
INFO: [ app_begin ] --START--
INFO: Run Behavior\ReadHtmlCacheBehavior [ RunTime:0.002859s ]
INFO: [ app_begin ] --END-- [ RunTime:0.005356s ]
NOTIC: [2] session_start(): open(\xampp\tmp\sess_0hptnvnj936sr993holhnk6un1, O_RDWR) failed: No such file or directory (2) H:\phpEclipseWork\ComicWeb\ThinkPHP\Common\functions.php 第 1263 行.
INFO: [ view_parse ] --START--
INFO: [ template_filter ] --START--
INFO: Run Behavior\ContentReplaceBehavior [ RunTime:0.001007s ]
INFO: [ template_filter ] --END-- [ RunTime:0.003268s ]
NOTIC: [8] Use of undefined constant menu - assumed 'menu' H:\phpEclipseWork\ComicWeb\Admin\Runtime\Cache\Home\55843b8195cd32862e5dfa640df6e51d.php 第 13 行.
NOTIC: [8] Undefined index: menu H:\phpEclipseWork\ComicWeb\Admin\Runtime\Cache\Home\55843b8195cd32862e5dfa640df6e51d.php 第 13 行.
NOTIC: [8] Use of undefined constant menu - assumed 'menu' H:\phpEclipseWork\ComicWeb\Admin\Runtime\Cache\Home\55843b8195cd32862e5dfa640df6e51d.php 第 13 行.
NOTIC: [8] Undefined index: menu H:\phpEclipseWork\ComicWeb\Admin\Runtime\Cache\Home\55843b8195cd32862e5dfa640df6e51d.php 第 13 行.
INFO: Run Behavior\ParseTemplateBehavior [ RunTime:0.048379s ]
INFO: [ view_parse ] --END-- [ RunTime:0.050867s ]
INFO: [ view_filter ] --START--
INFO: Run Behavior\WriteHtmlCacheBehavior [ RunTime:0.001948s ]
INFO: [ view_filter ] --END-- [ RunTime:0.003856s ]
INFO: [ app_end ] --START--
INFO: Run Behavior\ShowPageTraceBehavior [ RunTime:0.002069s ]
INFO: [ app_end ] --END-- [ RunTime:0.003986s ]

